undefined
[31m  2 failing[0m

[0m  1) AWS.Request createReadStream streams data:

      [31mUncaught AssertionError: expected '' to equal 'FOOBARBAZQUX'[0m
      [42m+ expected[0m [41m- actual[0m

      [42m+"FOOBARBAZQUX"[0m
      [41m-""[0m
      [0m[90m
      at Request.<anonymous> (/Users/jakub/Developer/Blame/externals/aws-sdk/test/request.spec.coffee:295:29)
      at Request.callListeners (/Users/jakub/Developer/Blame/externals/aws-sdk/lib/sequential_executor.js:103:18)
      at Request.emit (/Users/jakub/Developer/Blame/externals/aws-sdk/lib/sequential_executor.js:78:10)
      at Request.emit (/Users/jakub/Developer/Blame/externals/aws-sdk/lib/request.js:600:14)
      at Request.transition (/Users/jakub/Developer/Blame/externals/aws-sdk/lib/request.js:19:12)
      at AcceptorStateMachine.runTo (/Users/jakub/Developer/Blame/externals/aws-sdk/lib/state_machine.js:14:12)
      at /Users/jakub/Developer/Blame/externals/aws-sdk/lib/state_machine.js:26:10
      at Request.<anonymous> (/Users/jakub/Developer/Blame/externals/aws-sdk/lib/request.js:25:9)
      at Request.<anonymous> (/Users/jakub/Developer/Blame/externals/aws-sdk/lib/request.js:602:12)
      at Request.callListeners (/Users/jakub/Developer/Blame/externals/aws-sdk/lib/sequential_executor.js:87:20)
      at Request.emit (/Users/jakub/Developer/Blame/externals/aws-sdk/lib/sequential_executor.js:78:10)
      at Request.emit (/Users/jakub/Developer/Blame/externals/aws-sdk/lib/request.js:600:14)
      at Request.transition (/Users/jakub/Developer/Blame/externals/aws-sdk/lib/request.js:19:12)
      at AcceptorStateMachine.runTo (/Users/jakub/Developer/Blame/externals/aws-sdk/lib/state_machine.js:14:12)
      at /Users/jakub/Developer/Blame/externals/aws-sdk/lib/state_machine.js:26:10
      at Request.<anonymous> (/Users/jakub/Developer/Blame/externals/aws-sdk/lib/request.js:25:9)
      at Request.<anonymous> (/Users/jakub/Developer/Blame/externals/aws-sdk/lib/request.js:602:12)
      at Request.callListeners (/Users/jakub/Developer/Blame/externals/aws-sdk/lib/sequential_executor.js:87:20)
      at Request.callListeners (/Users/jakub/Developer/Blame/externals/aws-sdk/lib/sequential_executor.js:104:14)
      at Request.callListeners (/Users/jakub/Developer/Blame/externals/aws-sdk/lib/sequential_executor.js:104:14)
      at Request.emit (/Users/jakub/Developer/Blame/externals/aws-sdk/lib/sequential_executor.js:78:10)
      at Request.emit (/Users/jakub/Developer/Blame/externals/aws-sdk/lib/request.js:600:14)
      at Request.transition (/Users/jakub/Developer/Blame/externals/aws-sdk/lib/request.js:19:12)
      at AcceptorStateMachine.runTo (/Users/jakub/Developer/Blame/externals/aws-sdk/lib/state_machine.js:14:12)
      at /Users/jakub/Developer/Blame/externals/aws-sdk/lib/state_machine.js:26:10
      at Request.<anonymous> (/Users/jakub/Developer/Blame/externals/aws-sdk/lib/request.js:25:9)
      at Request.<anonymous> (/Users/jakub/Developer/Blame/externals/aws-sdk/lib/request.js:602:12)
      at Request.callListeners (/Users/jakub/Developer/Blame/externals/aws-sdk/lib/sequential_executor.js:87:20)
      at Request.callListeners (/Users/jakub/Developer/Blame/externals/aws-sdk/lib/sequential_executor.js:104:14)
      at Request.emit (/Users/jakub/Developer/Blame/externals/aws-sdk/lib/sequential_executor.js:78:10)
      at Request.emit (/Users/jakub/Developer/Blame/externals/aws-sdk/lib/request.js:600:14)
      at Request.transition (/Users/jakub/Developer/Blame/externals/aws-sdk/lib/request.js:19:12)
      at AcceptorStateMachine.runTo (/Users/jakub/Developer/Blame/externals/aws-sdk/lib/state_machine.js:14:12)
      at /Users/jakub/Developer/Blame/externals/aws-sdk/lib/state_machine.js:26:10
      at Request.<anonymous> (/Users/jakub/Developer/Blame/externals/aws-sdk/lib/request.js:25:9)
      at Request.<anonymous> (/Users/jakub/Developer/Blame/externals/aws-sdk/lib/request.js:602:12)
      at Request.callListeners (/Users/jakub/Developer/Blame/externals/aws-sdk/lib/sequential_executor.js:87:20)
      at callNextListener (/Users/jakub/Developer/Blame/externals/aws-sdk/lib/sequential_executor.js:97:16)
      at EventEmitter.onEnd (/Users/jakub/Developer/Blame/externals/aws-sdk/lib/event_listeners.js:183:11)
      at EventEmitter.emit (events.js:129:20)
      at mockHttpSuccessfulResponse (/Users/jakub/Developer/Blame/externals/aws-sdk/test/helpers.coffee:182:23)
      at Object.AWS.HttpClient.getInstance.andReturn.handleRequest (/Users/jakub/Developer/Blame/externals/aws-sdk/test/helpers.coffee:196:11)
      at executeSend (/Users/jakub/Developer/Blame/externals/aws-sdk/lib/event_listeners.js:212:27)
      at Request.SEND (/Users/jakub/Developer/Blame/externals/aws-sdk/lib/event_listeners.js:224:9)
      at Request.callListeners (/Users/jakub/Developer/Blame/externals/aws-sdk/lib/sequential_executor.js:100:16)
      at Request.emit (/Users/jakub/Developer/Blame/externals/aws-sdk/lib/sequential_executor.js:78:10)
      at Request.emit (/Users/jakub/Developer/Blame/externals/aws-sdk/lib/request.js:600:14)
      at Request.transition (/Users/jakub/Developer/Blame/externals/aws-sdk/lib/request.js:19:12)
      at AcceptorStateMachine.runTo (/Users/jakub/Developer/Blame/externals/aws-sdk/lib/state_machine.js:14:12)
      at /Users/jakub/Developer/Blame/externals/aws-sdk/lib/state_machine.js:26:10
      at Request.<anonymous> (/Users/jakub/Developer/Blame/externals/aws-sdk/lib/request.js:25:9)
      at Request.<anonymous> (/Users/jakub/Developer/Blame/externals/aws-sdk/lib/request.js:602:12)
      at Request.callListeners (/Users/jakub/Developer/Blame/externals/aws-sdk/lib/sequential_executor.js:87:20)
      at callNextListener (/Users/jakub/Developer/Blame/externals/aws-sdk/lib/sequential_executor.js:97:16)
      at /Users/jakub/Developer/Blame/externals/aws-sdk/lib/event_listeners.js:139:9
      at finish (/Users/jakub/Developer/Blame/externals/aws-sdk/lib/config.js:214:7)
      at getStaticCredentials (/Users/jakub/Developer/Blame/externals/aws-sdk/lib/config.js:239:7)
      at Config.getCredentials (/Users/jakub/Developer/Blame/externals/aws-sdk/lib/config.js:246:9)
      at Request.SIGN (/Users/jakub/Developer/Blame/externals/aws-sdk/lib/event_listeners.js:116:26)
      at Request.callListeners (/Users/jakub/Developer/Blame/externals/aws-sdk/lib/sequential_executor.js:100:16)
      at Request.emit (/Users/jakub/Developer/Blame/externals/aws-sdk/lib/sequential_executor.js:78:10)
      at Request.emit (/Users/jakub/Developer/Blame/externals/aws-sdk/lib/request.js:600:14)
      at Request.transition (/Users/jakub/Developer/Blame/externals/aws-sdk/lib/request.js:19:12)
      at AcceptorStateMachine.runTo (/Users/jakub/Developer/Blame/externals/aws-sdk/lib/state_machine.js:14:12)
      at /Users/jakub/Developer/Blame/externals/aws-sdk/lib/state_machine.js:26:10
      at Request.<anonymous> (/Users/jakub/Developer/Blame/externals/aws-sdk/lib/request.js:25:9)
      at Request.<anonymous> (/Users/jakub/Developer/Blame/externals/aws-sdk/lib/request.js:602:12)
      at Request.callListeners (/Users/jakub/Developer/Blame/externals/aws-sdk/lib/sequential_executor.js:87:20)
      at Request.callListeners (/Users/jakub/Developer/Blame/externals/aws-sdk/lib/sequential_executor.js:104:14)
      at Request.callListeners (/Users/jakub/Developer/Blame/externals/aws-sdk/lib/sequential_executor.js:104:14)
      at Request.emit (/Users/jakub/Developer/Blame/externals/aws-sdk/lib/sequential_executor.js:78:10)
      at Request.emit (/Users/jakub/Developer/Blame/externals/aws-sdk/lib/request.js:600:14)
      at Request.transition (/Users/jakub/Developer/Blame/externals/aws-sdk/lib/request.js:19:12)
      at AcceptorStateMachine.runTo (/Users/jakub/Developer/Blame/externals/aws-sdk/lib/state_machine.js:14:12)
      at /Users/jakub/Developer/Blame/externals/aws-sdk/lib/state_machine.js:26:10
      at Request.<anonymous> (/Users/jakub/Developer/Blame/externals/aws-sdk/lib/request.js:25:9)
      at Request.<anonymous> (/Users/jakub/Developer/Blame/externals/aws-sdk/lib/request.js:602:12)
      at Request.callListeners (/Users/jakub/Developer/Blame/externals/aws-sdk/lib/sequential_executor.js:87:20)
      at Request.emit (/Users/jakub/Developer/Blame/externals/aws-sdk/lib/sequential_executor.js:78:10)
      at Request.emit (/Users/jakub/Developer/Blame/externals/aws-sdk/lib/request.js:600:14)
      at Request.transition (/Users/jakub/Developer/Blame/externals/aws-sdk/lib/request.js:19:12)
      at AcceptorStateMachine.runTo (/Users/jakub/Developer/Blame/externals/aws-sdk/lib/state_machine.js:14:12)
      at /Users/jakub/Developer/Blame/externals/aws-sdk/lib/state_machine.js:26:10
      at Request.<anonymous> (/Users/jakub/Developer/Blame/externals/aws-sdk/lib/request.js:25:9)
      at Request.<anonymous> (/Users/jakub/Developer/Blame/externals/aws-sdk/lib/request.js:602:12)
      at Request.callListeners (/Users/jakub/Developer/Blame/externals/aws-sdk/lib/sequential_executor.js:87:20)
      at Request.callListeners (/Users/jakub/Developer/Blame/externals/aws-sdk/lib/sequential_executor.js:104:14)
      at callNextListener (/Users/jakub/Developer/Blame/externals/aws-sdk/lib/sequential_executor.js:97:16)
      at /Users/jakub/Developer/Blame/externals/aws-sdk/lib/event_listeners.js:75:9
      at finish (/Users/jakub/Developer/Blame/externals/aws-sdk/lib/config.js:214:7)
      at getStaticCredentials (/Users/jakub/Developer/Blame/externals/aws-sdk/lib/config.js:239:7)
      at Config.getCredentials (/Users/jakub/Developer/Blame/externals/aws-sdk/lib/config.js:246:9)
      at Request.VALIDATE_CREDENTIALS (/Users/jakub/Developer/Blame/externals/aws-sdk/lib/event_listeners.js:70:26)
      at Request.callListeners (/Users/jakub/Developer/Blame/externals/aws-sdk/lib/sequential_executor.js:100:16)
      at Request.emit (/Users/jakub/Developer/Blame/externals/aws-sdk/lib/sequential_executor.js:78:10)
      at Request.emit (/Users/jakub/Developer/Blame/externals/aws-sdk/lib/request.js:600:14)
      at Request.transition (/Users/jakub/Developer/Blame/externals/aws-sdk/lib/request.js:19:12)
      at AcceptorStateMachine.runTo (/Users/jakub/Developer/Blame/externals/aws-sdk/lib/state_machine.js:14:12)
      at Request.runTo (/Users/jakub/Developer/Blame/externals/aws-sdk/lib/request.js:364:15)
      at Request.send (/Users/jakub/Developer/Blame/externals/aws-sdk/lib/request.js:348:10)
      at /Users/jakub/Developer/Blame/externals/aws-sdk/lib/request.js:539:43
      at process._tickDomainCallback (node.js:372:11)
[0m
[0m  2) AWS.Request createReadStream retries temporal errors and streams resulting successful response:

      [31mUncaught AssertionError: expected '' to equal 'FOOBARBAZQUX'[0m
      [42m+ expected[0m [41m- actual[0m

      [42m+"FOOBARBAZQUX"[0m
      [41m-""[0m
      [0m[90m
      at Request.<anonymous> (/Users/jakub/Developer/Blame/externals/aws-sdk/test/request.spec.coffee:381:29)
      at Request.callListeners (/Users/jakub/Developer/Blame/externals/aws-sdk/lib/sequential_executor.js:103:18)
      at Request.emit (/Users/jakub/Developer/Blame/externals/aws-sdk/lib/sequential_executor.js:78:10)
      at Request.emit (/Users/jakub/Developer/Blame/externals/aws-sdk/lib/request.js:600:14)
      at Request.transition (/Users/jakub/Developer/Blame/externals/aws-sdk/lib/request.js:19:12)
      at AcceptorStateMachine.runTo (/Users/jakub/Developer/Blame/externals/aws-sdk/lib/state_machine.js:14:12)
      at /Users/jakub/Developer/Blame/externals/aws-sdk/lib/state_machine.js:26:10
      at Request.<anonymous> (/Users/jakub/Developer/Blame/externals/aws-sdk/lib/request.js:25:9)
      at Request.<anonymous> (/Users/jakub/Developer/Blame/externals/aws-sdk/lib/request.js:602:12)
      at Request.callListeners (/Users/jakub/Developer/Blame/externals/aws-sdk/lib/sequential_executor.js:87:20)
      at Request.emit (/Users/jakub/Developer/Blame/externals/aws-sdk/lib/sequential_executor.js:78:10)
      at Request.emit (/Users/jakub/Developer/Blame/externals/aws-sdk/lib/request.js:600:14)
      at Request.transition (/Users/jakub/Developer/Blame/externals/aws-sdk/lib/request.js:19:12)
      at AcceptorStateMachine.runTo (/Users/jakub/Developer/Blame/externals/aws-sdk/lib/state_machine.js:14:12)
      at /Users/jakub/Developer/Blame/externals/aws-sdk/lib/state_machine.js:26:10
      at Request.<anonymous> (/Users/jakub/Developer/Blame/externals/aws-sdk/lib/request.js:25:9)
      at Request.<anonymous> (/Users/jakub/Developer/Blame/externals/aws-sdk/lib/request.js:602:12)
      at Request.callListeners (/Users/jakub/Developer/Blame/externals/aws-sdk/lib/sequential_executor.js:87:20)
      at Request.callListeners (/Users/jakub/Developer/Blame/externals/aws-sdk/lib/sequential_executor.js:104:14)
      at Request.callListeners (/Users/jakub/Developer/Blame/externals/aws-sdk/lib/sequential_executor.js:104:14)
      at Request.emit (/Users/jakub/Developer/Blame/externals/aws-sdk/lib/sequential_executor.js:78:10)
      at Request.emit (/Users/jakub/Developer/Blame/externals/aws-sdk/lib/request.js:600:14)
      at Request.transition (/Users/jakub/Developer/Blame/externals/aws-sdk/lib/request.js:19:12)
      at AcceptorStateMachine.runTo (/Users/jakub/Developer/Blame/externals/aws-sdk/lib/state_machine.js:14:12)
      at /Users/jakub/Developer/Blame/externals/aws-sdk/lib/state_machine.js:26:10
      at Request.<anonymous> (/Users/jakub/Developer/Blame/externals/aws-sdk/lib/request.js:25:9)
      at Request.<anonymous> (/Users/jakub/Developer/Blame/externals/aws-sdk/lib/request.js:602:12)
      at Request.callListeners (/Users/jakub/Developer/Blame/externals/aws-sdk/lib/sequential_executor.js:87:20)
      at Request.callListeners (/Users/jakub/Developer/Blame/externals/aws-sdk/lib/sequential_executor.js:104:14)
      at Request.emit (/Users/jakub/Developer/Blame/externals/aws-sdk/lib/sequential_executor.js:78:10)
      at Request.emit (/Users/jakub/Developer/Blame/externals/aws-sdk/lib/request.js:600:14)
      at Request.transition (/Users/jakub/Developer/Blame/externals/aws-sdk/lib/request.js:19:12)
      at AcceptorStateMachine.runTo (/Users/jakub/Developer/Blame/externals/aws-sdk/lib/state_machine.js:14:12)
      at /Users/jakub/Developer/Blame/externals/aws-sdk/lib/state_machine.js:26:10
      at Request.<anonymous> (/Users/jakub/Developer/Blame/externals/aws-sdk/lib/request.js:25:9)
      at Request.<anonymous> (/Users/jakub/Developer/Blame/externals/aws-sdk/lib/request.js:602:12)
      at Request.callListeners (/Users/jakub/Developer/Blame/externals/aws-sdk/lib/sequential_executor.js:87:20)
      at callNextListener (/Users/jakub/Developer/Blame/externals/aws-sdk/lib/sequential_executor.js:97:16)
      at EventEmitter.onEnd (/Users/jakub/Developer/Blame/externals/aws-sdk/lib/event_listeners.js:183:11)
      at EventEmitter.emit (events.js:129:20)
      at mockHttpSuccessfulResponse (/Users/jakub/Developer/Blame/externals/aws-sdk/test/helpers.coffee:182:23)
      at Object.AWS.HttpClient.getInstance.andReturn.handleRequest (/Users/jakub/Developer/Blame/externals/aws-sdk/test/helpers.coffee:223:11)
      at executeSend (/Users/jakub/Developer/Blame/externals/aws-sdk/lib/event_listeners.js:212:27)
      at Request.SEND (/Users/jakub/Developer/Blame/externals/aws-sdk/lib/event_listeners.js:224:9)
      at Request.callListeners (/Users/jakub/Developer/Blame/externals/aws-sdk/lib/sequential_executor.js:100:16)
      at Request.emit (/Users/jakub/Developer/Blame/externals/aws-sdk/lib/sequential_executor.js:78:10)
      at Request.emit (/Users/jakub/Developer/Blame/externals/aws-sdk/lib/request.js:600:14)
      at Request.transition (/Users/jakub/Developer/Blame/externals/aws-sdk/lib/request.js:19:12)
      at AcceptorStateMachine.runTo (/Users/jakub/Developer/Blame/externals/aws-sdk/lib/state_machine.js:14:12)
      at /Users/jakub/Developer/Blame/externals/aws-sdk/lib/state_machine.js:26:10
      at Request.<anonymous> (/Users/jakub/Developer/Blame/externals/aws-sdk/lib/request.js:25:9)
      at Request.<anonymous> (/Users/jakub/Developer/Blame/externals/aws-sdk/lib/request.js:602:12)
      at Request.callListeners (/Users/jakub/Developer/Blame/externals/aws-sdk/lib/sequential_executor.js:87:20)
      at callNextListener (/Users/jakub/Developer/Blame/externals/aws-sdk/lib/sequential_executor.js:97:16)
      at /Users/jakub/Developer/Blame/externals/aws-sdk/lib/event_listeners.js:139:9
      at finish (/Users/jakub/Developer/Blame/externals/aws-sdk/lib/config.js:214:7)
      at getStaticCredentials (/Users/jakub/Developer/Blame/externals/aws-sdk/lib/config.js:239:7)
      at Config.getCredentials (/Users/jakub/Developer/Blame/externals/aws-sdk/lib/config.js:246:9)
      at Request.SIGN (/Users/jakub/Developer/Blame/externals/aws-sdk/lib/event_listeners.js:116:26)
      at Request.callListeners (/Users/jakub/Developer/Blame/externals/aws-sdk/lib/sequential_executor.js:100:16)
      at Request.emit (/Users/jakub/Developer/Blame/externals/aws-sdk/lib/sequential_executor.js:78:10)
      at Request.emit (/Users/jakub/Developer/Blame/externals/aws-sdk/lib/request.js:600:14)
      at Request.transition (/Users/jakub/Developer/Blame/externals/aws-sdk/lib/request.js:19:12)
      at AcceptorStateMachine.runTo (/Users/jakub/Developer/Blame/externals/aws-sdk/lib/state_machine.js:14:12)
      at /Users/jakub/Developer/Blame/externals/aws-sdk/lib/state_machine.js:26:10
      at Request.<anonymous> (/Users/jakub/Developer/Blame/externals/aws-sdk/lib/request.js:25:9)
      at Request.<anonymous> (/Users/jakub/Developer/Blame/externals/aws-sdk/lib/request.js:602:12)
      at Request.callListeners (/Users/jakub/Developer/Blame/externals/aws-sdk/lib/sequential_executor.js:87:20)
      at callNextListener (/Users/jakub/Developer/Blame/externals/aws-sdk/lib/sequential_executor.js:97:16)
      at global.setTimeout (/Users/jakub/Developer/Blame/externals/aws-sdk/test/helpers.coffee:100:12)
      at Request.RESET_RETRY_STATE (/Users/jakub/Developer/Blame/externals/aws-sdk/lib/event_listeners.js:318:9)
      at Request.callListeners (/Users/jakub/Developer/Blame/externals/aws-sdk/lib/sequential_executor.js:100:16)
      at Request.emit (/Users/jakub/Developer/Blame/externals/aws-sdk/lib/sequential_executor.js:78:10)
      at Request.emit (/Users/jakub/Developer/Blame/externals/aws-sdk/lib/request.js:600:14)
      at Request.transition (/Users/jakub/Developer/Blame/externals/aws-sdk/lib/request.js:19:12)
      at AcceptorStateMachine.runTo (/Users/jakub/Developer/Blame/externals/aws-sdk/lib/state_machine.js:14:12)
      at /Users/jakub/Developer/Blame/externals/aws-sdk/lib/state_machine.js:26:10
      at Request.<anonymous> (/Users/jakub/Developer/Blame/externals/aws-sdk/lib/request.js:25:9)
      at Request.<anonymous> (/Users/jakub/Developer/Blame/externals/aws-sdk/lib/request.js:602:12)
      at Request.callListeners (/Users/jakub/Developer/Blame/externals/aws-sdk/lib/sequential_executor.js:87:20)
      at Request.callListeners (/Users/jakub/Developer/Blame/externals/aws-sdk/lib/sequential_executor.js:104:14)
      at Request.callListeners (/Users/jakub/Developer/Blame/externals/aws-sdk/lib/sequential_executor.js:104:14)
      at Request.callListeners (/Users/jakub/Developer/Blame/externals/aws-sdk/lib/sequential_executor.js:104:14)
      at Request.callListeners (/Users/jakub/Developer/Blame/externals/aws-sdk/lib/sequential_executor.js:104:14)
      at Request.emit (/Users/jakub/Developer/Blame/externals/aws-sdk/lib/sequential_executor.js:78:10)
      at Request.emit (/Users/jakub/Developer/Blame/externals/aws-sdk/lib/request.js:600:14)
      at Request.transition (/Users/jakub/Developer/Blame/externals/aws-sdk/lib/request.js:19:12)
      at AcceptorStateMachine.runTo (/Users/jakub/Developer/Blame/externals/aws-sdk/lib/state_machine.js:14:12)
      at /Users/jakub/Developer/Blame/externals/aws-sdk/lib/state_machine.js:26:10
      at Request.<anonymous> (/Users/jakub/Developer/Blame/externals/aws-sdk/lib/request.js:25:9)
      at Request.<anonymous> (/Users/jakub/Developer/Blame/externals/aws-sdk/lib/request.js:602:12)
      at Request.callListeners (/Users/jakub/Developer/Blame/externals/aws-sdk/lib/sequential_executor.js:87:20)
      at callNextListener (/Users/jakub/Developer/Blame/externals/aws-sdk/lib/sequential_executor.js:97:16)
      at Request.<anonymous> (/Users/jakub/Developer/Blame/externals/aws-sdk/lib/event_listeners.js:205:11)
      at Request.<anonymous> (/Users/jakub/Developer/Blame/externals/aws-sdk/lib/request.js:602:12)
      at Request.callListeners (/Users/jakub/Developer/Blame/externals/aws-sdk/lib/sequential_executor.js:87:20)
      at Request.emit (/Users/jakub/Developer/Blame/externals/aws-sdk/lib/sequential_executor.js:78:10)
      at Request.emit (/Users/jakub/Developer/Blame/externals/aws-sdk/lib/request.js:600:14)
      at error (/Users/jakub/Developer/Blame/externals/aws-sdk/lib/event_listeners.js:204:22)
      at Object.AWS.HttpClient.getInstance.andReturn.handleRequest (/Users/jakub/Developer/Blame/externals/aws-sdk/test/helpers.coffee:215:11)
      at executeSend (/Users/jakub/Developer/Blame/externals/aws-sdk/lib/event_listeners.js:212:27)
      at Request.SEND (/Users/jakub/Developer/Blame/externals/aws-sdk/lib/event_listeners.js:224:9)
      at Request.callListeners (/Users/jakub/Developer/Blame/externals/aws-sdk/lib/sequential_executor.js:100:16)
      at Request.emit (/Users/jakub/Developer/Blame/externals/aws-sdk/lib/sequential_executor.js:78:10)
      at Request.emit (/Users/jakub/Developer/Blame/externals/aws-sdk/lib/request.js:600:14)
      at Request.transition (/Users/jakub/Developer/Blame/externals/aws-sdk/lib/request.js:19:12)
      at AcceptorStateMachine.runTo (/Users/jakub/Developer/Blame/externals/aws-sdk/lib/state_machine.js:14:12)
      at /Users/jakub/Developer/Blame/externals/aws-sdk/lib/state_machine.js:26:10
      at Request.<anonymous> (/Users/jakub/Developer/Blame/externals/aws-sdk/lib/request.js:25:9)
      at Request.<anonymous> (/Users/jakub/Developer/Blame/externals/aws-sdk/lib/request.js:602:12)
      at Request.callListeners (/Users/jakub/Developer/Blame/externals/aws-sdk/lib/sequential_executor.js:87:20)
      at callNextListener (/Users/jakub/Developer/Blame/externals/aws-sdk/lib/sequential_executor.js:97:16)
      at /Users/jakub/Developer/Blame/externals/aws-sdk/lib/event_listeners.js:139:9
      at finish (/Users/jakub/Developer/Blame/externals/aws-sdk/lib/config.js:214:7)
      at getStaticCredentials (/Users/jakub/Developer/Blame/externals/aws-sdk/lib/config.js:239:7)
      at Config.getCredentials (/Users/jakub/Developer/Blame/externals/aws-sdk/lib/config.js:246:9)
      at Request.SIGN (/Users/jakub/Developer/Blame/externals/aws-sdk/lib/event_listeners.js:116:26)
      at Request.callListeners (/Users/jakub/Developer/Blame/externals/aws-sdk/lib/sequential_executor.js:100:16)
      at Request.emit (/Users/jakub/Developer/Blame/externals/aws-sdk/lib/sequential_executor.js:78:10)
      at Request.emit (/Users/jakub/Developer/Blame/externals/aws-sdk/lib/request.js:600:14)
      at Request.transition (/Users/jakub/Developer/Blame/externals/aws-sdk/lib/request.js:19:12)
      at AcceptorStateMachine.runTo (/Users/jakub/Developer/Blame/externals/aws-sdk/lib/state_machine.js:14:12)
      at /Users/jakub/Developer/Blame/externals/aws-sdk/lib/state_machine.js:26:10
      at Request.<anonymous> (/Users/jakub/Developer/Blame/externals/aws-sdk/lib/request.js:25:9)
      at Request.<anonymous> (/Users/jakub/Developer/Blame/externals/aws-sdk/lib/request.js:602:12)
      at Request.callListeners (/Users/jakub/Developer/Blame/externals/aws-sdk/lib/sequential_executor.js:87:20)
      at callNextListener (/Users/jakub/Developer/Blame/externals/aws-sdk/lib/sequential_executor.js:97:16)
      at global.setTimeout (/Users/jakub/Developer/Blame/externals/aws-sdk/test/helpers.coffee:100:12)
      at Request.RESET_RETRY_STATE (/Users/jakub/Developer/Blame/externals/aws-sdk/lib/event_listeners.js:318:9)
      at Request.callListeners (/Users/jakub/Developer/Blame/externals/aws-sdk/lib/sequential_executor.js:100:16)
      at Request.emit (/Users/jakub/Developer/Blame/externals/aws-sdk/lib/sequential_executor.js:78:10)
      at Request.emit (/Users/jakub/Developer/Blame/externals/aws-sdk/lib/request.js:600:14)
      at Request.transition (/Users/jakub/Developer/Blame/externals/aws-sdk/lib/request.js:19:12)
      at AcceptorStateMachine.runTo (/Users/jakub/Developer/Blame/externals/aws-sdk/lib/state_machine.js:14:12)
      at /Users/jakub/Developer/Blame/externals/aws-sdk/lib/state_machine.js:26:10
      at Request.<anonymous> (/Users/jakub/Developer/Blame/externals/aws-sdk/lib/request.js:25:9)
      at Request.<anonymous> (/Users/jakub/Developer/Blame/externals/aws-sdk/lib/request.js:602:12)
      at Request.callListeners (/Users/jakub/Developer/Blame/externals/aws-sdk/lib/sequential_executor.js:87:20)
      at Request.callListeners (/Users/jakub/Developer/Blame/externals/aws-sdk/lib/sequential_executor.js:104:14)
      at Request.callListeners (/Users/jakub/Developer/Blame/externals/aws-sdk/lib/sequential_executor.js:104:14)
      at Request.callListeners (/Users/jakub/Developer/Blame/externals/aws-sdk/lib/sequential_executor.js:104:14)
      at Request.callListeners (/Users/jakub/Developer/Blame/externals/aws-sdk/lib/sequential_executor.js:104:14)
      at Request.emit (/Users/jakub/Developer/Blame/externals/aws-sdk/lib/sequential_executor.js:78:10)
      at Request.emit (/Users/jakub/Developer/Blame/externals/aws-sdk/lib/request.js:600:14)
      at Request.transition (/Users/jakub/Developer/Blame/externals/aws-sdk/lib/request.js:19:12)
      at AcceptorStateMachine.runTo (/Users/jakub/Developer/Blame/externals/aws-sdk/lib/state_machine.js:14:12)
      at /Users/jakub/Developer/Blame/externals/aws-sdk/lib/state_machine.js:26:10
      at Request.<anonymous> (/Users/jakub/Developer/Blame/externals/aws-sdk/lib/request.js:25:9)
      at Request.<anonymous> (/Users/jakub/Developer/Blame/externals/aws-sdk/lib/request.js:602:12)
      at Request.callListeners (/Users/jakub/Developer/Blame/externals/aws-sdk/lib/sequential_executor.js:87:20)
      at callNextListener (/Users/jakub/Developer/Blame/externals/aws-sdk/lib/sequential_executor.js:97:16)
      at Request.<anonymous> (/Users/jakub/Developer/Blame/externals/aws-sdk/lib/event_listeners.js:205:11)
      at Request.<anonymous> (/Users/jakub/Developer/Blame/externals/aws-sdk/lib/request.js:602:12)
      at Request.callListeners (/Users/jakub/Developer/Blame/externals/aws-sdk/lib/sequential_executor.js:87:20)
      at Request.emit (/Users/jakub/Developer/Blame/externals/aws-sdk/lib/sequential_executor.js:78:10)
      at Request.emit (/Users/jakub/Developer/Blame/externals/aws-sdk/lib/request.js:600:14)
      at error (/Users/jakub/Developer/Blame/externals/aws-sdk/lib/event_listeners.js:204:22)
      at Object.AWS.HttpClient.getInstance.andReturn.handleRequest (/Users/jakub/Developer/Blame/externals/aws-sdk/test/helpers.coffee:215:11)
      at executeSend (/Users/jakub/Developer/Blame/externals/aws-sdk/lib/event_listeners.js:212:27)
      at Request.SEND (/Users/jakub/Developer/Blame/externals/aws-sdk/lib/event_listeners.js:224:9)
      at Request.callListeners (/Users/jakub/Developer/Blame/externals/aws-sdk/lib/sequential_executor.js:100:16)
      at Request.emit (/Users/jakub/Developer/Blame/externals/aws-sdk/lib/sequential_executor.js:78:10)
      at Request.emit (/Users/jakub/Developer/Blame/externals/aws-sdk/lib/request.js:600:14)
      at Request.transition (/Users/jakub/Developer/Blame/externals/aws-sdk/lib/request.js:19:12)
      at AcceptorStateMachine.runTo (/Users/jakub/Developer/Blame/externals/aws-sdk/lib/state_machine.js:14:12)
      at /Users/jakub/Developer/Blame/externals/aws-sdk/lib/state_machine.js:26:10
      at Request.<anonymous> (/Users/jakub/Developer/Blame/externals/aws-sdk/lib/request.js:25:9)
      at Request.<anonymous> (/Users/jakub/Developer/Blame/externals/aws-sdk/lib/request.js:602:12)
      at Request.callListeners (/Users/jakub/Developer/Blame/externals/aws-sdk/lib/sequential_executor.js:87:20)
      at callNextListener (/Users/jakub/Developer/Blame/externals/aws-sdk/lib/sequential_executor.js:97:16)
      at /Users/jakub/Developer/Blame/externals/aws-sdk/lib/event_listeners.js:139:9
      at finish (/Users/jakub/Developer/Blame/externals/aws-sdk/lib/config.js:214:7)
      at getStaticCredentials (/Users/jakub/Developer/Blame/externals/aws-sdk/lib/config.js:239:7)
      at Config.getCredentials (/Users/jakub/Developer/Blame/externals/aws-sdk/lib/config.js:246:9)
      at Request.SIGN (/Users/jakub/Developer/Blame/externals/aws-sdk/lib/event_listeners.js:116:26)
      at Request.callListeners (/Users/jakub/Developer/Blame/externals/aws-sdk/lib/sequential_executor.js:100:16)
      at Request.emit (/Users/jakub/Developer/Blame/externals/aws-sdk/lib/sequential_executor.js:78:10)
      at Request.emit (/Users/jakub/Developer/Blame/externals/aws-sdk/lib/request.js:600:14)
      at Request.transition (/Users/jakub/Developer/Blame/externals/aws-sdk/lib/request.js:19:12)
      at AcceptorStateMachine.runTo (/Users/jakub/Developer/Blame/externals/aws-sdk/lib/state_machine.js:14:12)
      at /Users/jakub/Developer/Blame/externals/aws-sdk/lib/state_machine.js:26:10
      at Request.<anonymous> (/Users/jakub/Developer/Blame/externals/aws-sdk/lib/request.js:25:9)
      at Request.<anonymous> (/Users/jakub/Developer/Blame/externals/aws-sdk/lib/request.js:602:12)
      at Request.callListeners (/Users/jakub/Developer/Blame/externals/aws-sdk/lib/sequential_executor.js:87:20)
      at Request.callListeners (/Users/jakub/Developer/Blame/externals/aws-sdk/lib/sequential_executor.js:104:14)
      at Request.callListeners (/Users/jakub/Developer/Blame/externals/aws-sdk/lib/sequential_executor.js:104:14)
      at Request.emit (/Users/jakub/Developer/Blame/externals/aws-sdk/lib/sequential_executor.js:78:10)
      at Request.emit (/Users/jakub/Developer/Blame/externals/aws-sdk/lib/request.js:600:14)
      at Request.transition (/Users/jakub/Developer/Blame/externals/aws-sdk/lib/request.js:19:12)
      at AcceptorStateMachine.runTo (/Users/jakub/Developer/Blame/externals/aws-sdk/lib/state_machine.js:14:12)
      at /Users/jakub/Developer/Blame/externals/aws-sdk/lib/state_machine.js:26:10
      at Request.<anonymous> (/Users/jakub/Developer/Blame/externals/aws-sdk/lib/request.js:25:9)
      at Request.<anonymous> (/Users/jakub/Developer/Blame/externals/aws-sdk/lib/request.js:602:12)
      at Request.callListeners (/Users/jakub/Developer/Blame/externals/aws-sdk/lib/sequential_executor.js:87:20)
      at Request.emit (/Users/jakub/Developer/Blame/externals/aws-sdk/lib/sequential_executor.js:78:10)
      at Request.emit (/Users/jakub/Developer/Blame/externals/aws-sdk/lib/request.js:600:14)
      at Request.transition (/Users/jakub/Developer/Blame/externals/aws-sdk/lib/request.js:19:12)
      at AcceptorStateMachine.runTo (/Users/jakub/Developer/Blame/externals/aws-sdk/lib/state_machine.js:14:12)
      at /Users/jakub/Developer/Blame/externals/aws-sdk/lib/state_machine.js:26:10
      at Request.<anonymous> (/Users/jakub/Developer/Blame/externals/aws-sdk/lib/request.js:25:9)
      at Request.<anonymous> (/Users/jakub/Developer/Blame/externals/aws-sdk/lib/request.js:602:12)
      at Request.callListeners (/Users/jakub/Developer/Blame/externals/aws-sdk/lib/sequential_executor.js:87:20)
      at Request.callListeners (/Users/jakub/Developer/Blame/externals/aws-sdk/lib/sequential_executor.js:104:14)
      at callNextListener (/Users/jakub/Developer/Blame/externals/aws-sdk/lib/sequential_executor.js:97:16)
      at /Users/jakub/Developer/Blame/externals/aws-sdk/lib/event_listeners.js:75:9
      at finish (/Users/jakub/Developer/Blame/externals/aws-sdk/lib/config.js:214:7)
      at getStaticCredentials (/Users/jakub/Developer/Blame/externals/aws-sdk/lib/config.js:239:7)
      at Config.getCredentials (/Users/jakub/Developer/Blame/externals/aws-sdk/lib/config.js:246:9)
      at Request.VALIDATE_CREDENTIALS (/Users/jakub/Developer/Blame/externals/aws-sdk/lib/event_listeners.js:70:26)
      at Request.callListeners (/Users/jakub/Developer/Blame/externals/aws-sdk/lib/sequential_executor.js:100:16)
      at Request.emit (/Users/jakub/Developer/Blame/externals/aws-sdk/lib/sequential_executor.js:78:10)
      at Request.emit (/Users/jakub/Developer/Blame/externals/aws-sdk/lib/request.js:600:14)
      at Request.transition (/Users/jakub/Developer/Blame/externals/aws-sdk/lib/request.js:19:12)
      at AcceptorStateMachine.runTo (/Users/jakub/Developer/Blame/externals/aws-sdk/lib/state_machine.js:14:12)
      at Request.runTo (/Users/jakub/Developer/Blame/externals/aws-sdk/lib/request.js:364:15)
      at Request.send (/Users/jakub/Developer/Blame/externals/aws-sdk/lib/request.js:348:10)
      at /Users/jakub/Developer/Blame/externals/aws-sdk/lib/request.js:539:43
      at process._tickDomainCallback (node.js:372:11)
[0m

npm ERR! Test failed.  See above for more details.
npm ERR! not ok code 0
