
> chai@1.9.1 test /Users/jakub/Developer/Blame/externals/chai
> make test

==> [Test :: Node.js]

  [90m․[0m[90m․[0m[90m․[0m[90m․[0m[90m․[0m[90m․[0m[90m․[0m[90m․[0m[90m․[0m[90m․[0m[90m․[0m[90m․[0m[90m․[0m[90m․[0m[90m․[0m[90m․[0m[90m․[0m[90m․[0m[90m․[0m[90m․[0m[90m․[0m[90m․[0m[90m․[0m[90m․[0m[90m․[0m[90m․[0m[90m․[0m[90m․[0m[90m․[0m[90m․[0m[90m․[0m[90m․[0m[90m․[0m[90m․[0m[90m․[0m[90m․[0m[90m․[0m[90m․[0m[90m․[0m[90m․[0m[90m․[0m[90m․[0m[90m․[0m[90m․[0m[90m․[0m[90m․[0m[90m․[0m[90m․[0m[90m․[0m[90m․[0m[90m․[0m[90m․[0m[90m․[0m[90m․[0m[90m․[0m
  [90m․[0m[90m․[0m[90m․[0m[90m․[0m[90m․[0m[90m․[0m[90m․[0m[90m․[0m[90m․[0m[90m․[0m[90m․[0m[90m․[0m[90m․[0m[90m․[0m[90m․[0m[90m․[0m[90m․[0m[90m․[0m[90m․[0m[90m․[0m[90m․[0m[90m․[0m[90m․[0m[90m․[0m[90m․[0m[90m․[0m[90m․[0m[90m․[0m[90m․[0m[90m․[0m[90m․[0m[90m․[0m[90m․[0m[90m․[0m[90m․[0m[90m․[0m[90m․[0m[90m․[0m[90m․[0m[90m․[0m[90m․[0m[90m․[0m[90m․[0m[90m․[0m[90m․[0m[90m․[0m[90m․[0m[90m․[0m[90m․[0m[90m․[0m[90m․[0m[90m․[0m[90m․[0m[90m․[0m[90m․[0m[90m․[0m
  [90m․[0m[90m․[0m[90m․[0m[90m․[0m[90m․[0m[90m․[0m[90m․[0m[90m․[0m[90m․[0m[90m․[0m[90m․[0m[90m․[0m[90m․[0m[90m․[0m[90m․[0m[90m․[0m[90m․[0m[90m․[0m[90m․[0m[90m․[0m[90m․[0m[90m․[0m[90m․[0m[90m․[0m[90m․[0m[90m․[0m[90m․[0m[90m․[0m[90m․[0m[90m․[0m[90m․[0m[90m․[0m[90m․[0m[90m․[0m[90m․[0m[90m․[0m[90m․[0m[90m․[0m[90m․[0m[90m․[0m[90m․[0m[90m․[0m[90m․[0m

[92m [0m[32m 154 passing[0m[90m (113ms)[0m

==> [Test :: Karma (PhantomJS)]
[32mINFO [karma]: [39mKarma v0.12.21 server started at http://localhost:9876/
[32mINFO [launcher]: [39mStarting browser PhantomJS
[32mINFO [PhantomJS 1.9.7 (Mac OS X)]: [39mConnected on socket 3X7upgfWvGC3eO0jja4i with id 64802539
PhantomJS 1.9.7 (Mac OS X): Executed 0 of 153[32m SUCCESS[39m (0 secs / 0 secs)
[1A[2KPhantomJS 1.9.7 (Mac OS X): Executed 1 of 153[32m SUCCESS[39m (0 secs / 0.001 secs)
[1A[2KPhantomJS 1.9.7 (Mac OS X): Executed 2 of 153[32m SUCCESS[39m (0 secs / 0.002 secs)
[1A[2KPhantomJS 1.9.7 (Mac OS X): Executed 3 of 153[32m SUCCESS[39m (0 secs / 0.002 secs)
[1A[2KPhantomJS 1.9.7 (Mac OS X): Executed 4 of 153[32m SUCCESS[39m (0 secs / 0.002 secs)
[1A[2KPhantomJS 1.9.7 (Mac OS X): Executed 5 of 153[32m SUCCESS[39m (0 secs / 0.002 secs)
[1A[2KPhantomJS 1.9.7 (Mac OS X): Executed 6 of 153[32m SUCCESS[39m (0 secs / 0.003 secs)
[1A[2KPhantomJS 1.9.7 (Mac OS X): Executed 7 of 153[32m SUCCESS[39m (0 secs / 0.003 secs)
[1A[2KPhantomJS 1.9.7 (Mac OS X): Executed 8 of 153[32m SUCCESS[39m (0 secs / 0.003 secs)
[1A[2KPhantomJS 1.9.7 (Mac OS X): Executed 9 of 153[32m SUCCESS[39m (0 secs / 0.003 secs)
[1A[2KPhantomJS 1.9.7 (Mac OS X): Executed 10 of 153[32m SUCCESS[39m (0 secs / 0.003 secs)
[1A[2KPhantomJS 1.9.7 (Mac OS X): Executed 11 of 153[32m SUCCESS[39m (0 secs / 0.004 secs)
[1A[2KPhantomJS 1.9.7 (Mac OS X): Executed 12 of 153[32m SUCCESS[39m (0 secs / 0.004 secs)
[1A[2KPhantomJS 1.9.7 (Mac OS X): Executed 13 of 153[32m SUCCESS[39m (0 secs / 0.004 secs)
[1A[2KPhantomJS 1.9.7 (Mac OS X): Executed 14 of 153[32m SUCCESS[39m (0 secs / 0.004 secs)
[1A[2KPhantomJS 1.9.7 (Mac OS X): Executed 15 of 153[32m SUCCESS[39m (0 secs / 0.004 secs)
[1A[2KPhantomJS 1.9.7 (Mac OS X): Executed 16 of 153[32m SUCCESS[39m (0 secs / 0.005 secs)
[1A[2KPhantomJS 1.9.7 (Mac OS X): Executed 17 of 153[32m SUCCESS[39m (0 secs / 0.005 secs)
[1A[2KPhantomJS 1.9.7 (Mac OS X): Executed 18 of 153[32m SUCCESS[39m (0 secs / 0.005 secs)
[1A[2KPhantomJS 1.9.7 (Mac OS X): Executed 19 of 153[32m SUCCESS[39m (0 secs / 0.005 secs)
[1A[2KPhantomJS 1.9.7 (Mac OS X): Executed 20 of 153[32m SUCCESS[39m (0 secs / 0.005 secs)
[1A[2KPhantomJS 1.9.7 (Mac OS X): Executed 21 of 153[32m SUCCESS[39m (0 secs / 0.005 secs)
[1A[2KPhantomJS 1.9.7 (Mac OS X): Executed 22 of 153[32m SUCCESS[39m (0 secs / 0.005 secs)
[1A[2KPhantomJS 1.9.7 (Mac OS X): Executed 23 of 153[32m SUCCESS[39m (0 secs / 0.007 secs)
[1A[2KPhantomJS 1.9.7 (Mac OS X): Executed 24 of 153[32m SUCCESS[39m (0 secs / 0.007 secs)
[1A[2KPhantomJS 1.9.7 (Mac OS X): Executed 25 of 153[32m SUCCESS[39m (0 secs / 0.007 secs)
[1A[2KPhantomJS 1.9.7 (Mac OS X): Executed 26 of 153[32m SUCCESS[39m (0 secs / 0.007 secs)
[1A[2KPhantomJS 1.9.7 (Mac OS X): Executed 27 of 153[32m SUCCESS[39m (0 secs / 0.007 secs)
[1A[2KPhantomJS 1.9.7 (Mac OS X): Executed 28 of 153[32m SUCCESS[39m (0 secs / 0.007 secs)
[1A[2KPhantomJS 1.9.7 (Mac OS X): Executed 29 of 153[32m SUCCESS[39m (0 secs / 0.008 secs)
[1A[2KPhantomJS 1.9.7 (Mac OS X): Executed 30 of 153[32m SUCCESS[39m (0 secs / 0.008 secs)
[1A[2KPhantomJS 1.9.7 (Mac OS X): Executed 31 of 153[32m SUCCESS[39m (0 secs / 0.008 secs)
[1A[2KPhantomJS 1.9.7 (Mac OS X): Executed 32 of 153[32m SUCCESS[39m (0 secs / 0.008 secs)
[1A[2KPhantomJS 1.9.7 (Mac OS X): Executed 33 of 153[32m SUCCESS[39m (0 secs / 0.008 secs)
[1A[2KPhantomJS 1.9.7 (Mac OS X): Executed 34 of 153[32m SUCCESS[39m (0 secs / 0.008 secs)
[1A[2KPhantomJS 1.9.7 (Mac OS X): Executed 35 of 153[32m SUCCESS[39m (0 secs / 0.008 secs)
[1A[2KPhantomJS 1.9.7 (Mac OS X): Executed 36 of 153[32m SUCCESS[39m (0 secs / 0.008 secs)
[1A[2KPhantomJS 1.9.7 (Mac OS X): Executed 37 of 153[32m SUCCESS[39m (0 secs / 0.008 secs)
[1A[2KPhantomJS 1.9.7 (Mac OS X): Executed 38 of 153[32m SUCCESS[39m (0 secs / 0.008 secs)
[1A[2KPhantomJS 1.9.7 (Mac OS X): Executed 39 of 153[32m SUCCESS[39m (0 secs / 0.008 secs)
[1A[2KPhantomJS 1.9.7 (Mac OS X): Executed 40 of 153[32m SUCCESS[39m (0 secs / 0.008 secs)
[1A[2KPhantomJS 1.9.7 (Mac OS X): Executed 41 of 153[32m SUCCESS[39m (0 secs / 0.008 secs)
[1A[2KPhantomJS 1.9.7 (Mac OS X): Executed 42 of 153[32m SUCCESS[39m (0 secs / 0.009 secs)
[1A[2KPhantomJS 1.9.7 (Mac OS X): Executed 43 of 153[32m SUCCESS[39m (0 secs / 0.01 secs)
[1A[2KPhantomJS 1.9.7 (Mac OS X): Executed 44 of 153[32m SUCCESS[39m (0 secs / 0.01 secs)
[1A[2KPhantomJS 1.9.7 (Mac OS X): Executed 45 of 153[32m SUCCESS[39m (0 secs / 0.01 secs)
[1A[2KPhantomJS 1.9.7 (Mac OS X): Executed 46 of 153[32m SUCCESS[39m (0 secs / 0.011 secs)
[1A[2KPhantomJS 1.9.7 (Mac OS X): Executed 47 of 153[32m SUCCESS[39m (0 secs / 0.011 secs)
[1A[2KPhantomJS 1.9.7 (Mac OS X): Executed 48 of 153[32m SUCCESS[39m (0 secs / 0.012 secs)
[1A[2KPhantomJS 1.9.7 (Mac OS X): Executed 49 of 153[32m SUCCESS[39m (0 secs / 0.012 secs)
[1A[2KPhantomJS 1.9.7 (Mac OS X): Executed 50 of 153[32m SUCCESS[39m (0 secs / 0.012 secs)
[1A[2KPhantomJS 1.9.7 (Mac OS X): Executed 51 of 153[32m SUCCESS[39m (0 secs / 0.012 secs)
[1A[2KPhantomJS 1.9.7 (Mac OS X): Executed 52 of 153[32m SUCCESS[39m (0 secs / 0.012 secs)
[1A[2KPhantomJS 1.9.7 (Mac OS X): Executed 53 of 153[32m SUCCESS[39m (0 secs / 0.012 secs)
[1A[2KPhantomJS 1.9.7 (Mac OS X): Executed 54 of 153[32m SUCCESS[39m (0 secs / 0.012 secs)
[1A[2KPhantomJS 1.9.7 (Mac OS X): Executed 55 of 153[32m SUCCESS[39m (0 secs / 0.013 secs)
[1A[2KPhantomJS 1.9.7 (Mac OS X): Executed 56 of 153[32m SUCCESS[39m (0 secs / 0.013 secs)
[1A[2KPhantomJS 1.9.7 (Mac OS X): Executed 57 of 153[32m SUCCESS[39m (0 secs / 0.013 secs)
[1A[2KPhantomJS 1.9.7 (Mac OS X): Executed 58 of 153[32m SUCCESS[39m (0 secs / 0.013 secs)
[1A[2KPhantomJS 1.9.7 (Mac OS X): Executed 59 of 153[32m SUCCESS[39m (0 secs / 0.013 secs)
[1A[2KPhantomJS 1.9.7 (Mac OS X): Executed 60 of 153[32m SUCCESS[39m (0 secs / 0.013 secs)
[1A[2KPhantomJS 1.9.7 (Mac OS X): Executed 61 of 153[32m SUCCESS[39m (0 secs / 0.013 secs)
[1A[2KPhantomJS 1.9.7 (Mac OS X): Executed 62 of 153[32m SUCCESS[39m (0 secs / 0.013 secs)
[1A[2KPhantomJS 1.9.7 (Mac OS X): Executed 63 of 153[32m SUCCESS[39m (0 secs / 0.013 secs)
[1A[2KPhantomJS 1.9.7 (Mac OS X): Executed 64 of 153[32m SUCCESS[39m (0 secs / 0.013 secs)
[1A[2KPhantomJS 1.9.7 (Mac OS X): Executed 65 of 153[32m SUCCESS[39m (0 secs / 0.013 secs)
[1A[2KPhantomJS 1.9.7 (Mac OS X): Executed 66 of 153[32m SUCCESS[39m (0 secs / 0.013 secs)
[1A[2KPhantomJS 1.9.7 (Mac OS X): Executed 67 of 153[32m SUCCESS[39m (0 secs / 0.013 secs)
[1A[2KPhantomJS 1.9.7 (Mac OS X): Executed 68 of 153[32m SUCCESS[39m (0 secs / 0.013 secs)
[1A[2KPhantomJS 1.9.7 (Mac OS X): Executed 69 of 153[32m SUCCESS[39m (0 secs / 0.013 secs)
[1A[2KPhantomJS 1.9.7 (Mac OS X): Executed 70 of 153[32m SUCCESS[39m (0 secs / 0.013 secs)
[1A[2KPhantomJS 1.9.7 (Mac OS X): Executed 71 of 153[32m SUCCESS[39m (0 secs / 0.014 secs)
[1A[2KPhantomJS 1.9.7 (Mac OS X): Executed 72 of 153[32m SUCCESS[39m (0 secs / 0.014 secs)
[1A[2KPhantomJS 1.9.7 (Mac OS X): Executed 73 of 153[32m SUCCESS[39m (0 secs / 0.015 secs)
[1A[2KPhantomJS 1.9.7 (Mac OS X): Executed 74 of 153[32m SUCCESS[39m (0 secs / 0.015 secs)
[1A[2KPhantomJS 1.9.7 (Mac OS X): Executed 75 of 153[32m SUCCESS[39m (0 secs / 0.015 secs)
[1A[2KPhantomJS 1.9.7 (Mac OS X): Executed 76 of 153[32m SUCCESS[39m (0 secs / 0.015 secs)
[1A[2KPhantomJS 1.9.7 (Mac OS X): Executed 77 of 153[32m SUCCESS[39m (0 secs / 0.015 secs)
[1A[2KPhantomJS 1.9.7 (Mac OS X): Executed 78 of 153[32m SUCCESS[39m (0 secs / 0.016 secs)
[1A[2KPhantomJS 1.9.7 (Mac OS X): Executed 79 of 153[32m SUCCESS[39m (0 secs / 0.016 secs)
[1A[2KPhantomJS 1.9.7 (Mac OS X): Executed 80 of 153[32m SUCCESS[39m (0 secs / 0.016 secs)
[1A[2KPhantomJS 1.9.7 (Mac OS X): Executed 81 of 153[32m SUCCESS[39m (0 secs / 0.016 secs)
[1A[2KPhantomJS 1.9.7 (Mac OS X): Executed 82 of 153[32m SUCCESS[39m (0 secs / 0.016 secs)
[1A[2KPhantomJS 1.9.7 (Mac OS X): Executed 83 of 153[32m SUCCESS[39m (0 secs / 0.016 secs)
[1A[2KPhantomJS 1.9.7 (Mac OS X): Executed 84 of 153[32m SUCCESS[39m (0 secs / 0.016 secs)
[1A[2KPhantomJS 1.9.7 (Mac OS X): Executed 85 of 153[32m SUCCESS[39m (0 secs / 0.016 secs)
[1A[2KPhantomJS 1.9.7 (Mac OS X): Executed 86 of 153[32m SUCCESS[39m (0 secs / 0.017 secs)
[1A[2KPhantomJS 1.9.7 (Mac OS X): Executed 87 of 153[32m SUCCESS[39m (0 secs / 0.017 secs)
[1A[2KPhantomJS 1.9.7 (Mac OS X): Executed 88 of 153[32m SUCCESS[39m (0 secs / 0.017 secs)
[1A[2KPhantomJS 1.9.7 (Mac OS X): Executed 89 of 153[32m SUCCESS[39m (0 secs / 0.019 secs)
[1A[2KPhantomJS 1.9.7 (Mac OS X): Executed 90 of 153[32m SUCCESS[39m (0 secs / 0.02 secs)
[1A[2KPhantomJS 1.9.7 (Mac OS X): Executed 91 of 153[32m SUCCESS[39m (0 secs / 0.021 secs)
[1A[2KPhantomJS 1.9.7 (Mac OS X): Executed 92 of 153[32m SUCCESS[39m (0 secs / 0.023 secs)
[1A[2KPhantomJS 1.9.7 (Mac OS X): Executed 93 of 153[32m SUCCESS[39m (0 secs / 0.024 secs)
[1A[2KPhantomJS 1.9.7 (Mac OS X): Executed 94 of 153[32m SUCCESS[39m (0 secs / 0.024 secs)
[1A[2KPhantomJS 1.9.7 (Mac OS X): Executed 95 of 153[32m SUCCESS[39m (0 secs / 0.024 secs)
[1A[2KPhantomJS 1.9.7 (Mac OS X): Executed 96 of 153[32m SUCCESS[39m (0 secs / 0.024 secs)
[1A[2KPhantomJS 1.9.7 (Mac OS X): Executed 97 of 153[32m SUCCESS[39m (0 secs / 0.024 secs)
[1A[2KPhantomJS 1.9.7 (Mac OS X): Executed 98 of 153[32m SUCCESS[39m (0 secs / 0.025 secs)
[1A[2KPhantomJS 1.9.7 (Mac OS X): Executed 99 of 153[32m SUCCESS[39m (0 secs / 0.025 secs)
[1A[2KPhantomJS 1.9.7 (Mac OS X): Executed 100 of 153[32m SUCCESS[39m (0 secs / 0.025 secs)
[1A[2KPhantomJS 1.9.7 (Mac OS X): Executed 101 of 153[32m SUCCESS[39m (0 secs / 0.025 secs)
[1A[2KPhantomJS 1.9.7 (Mac OS X): Executed 102 of 153[32m SUCCESS[39m (0 secs / 0.025 secs)
[1A[2KPhantomJS 1.9.7 (Mac OS X): Executed 103 of 153[32m SUCCESS[39m (0 secs / 0.025 secs)
[1A[2KPhantomJS 1.9.7 (Mac OS X): Executed 104 of 153[32m SUCCESS[39m (0 secs / 0.025 secs)
[1A[2KPhantomJS 1.9.7 (Mac OS X): Executed 105 of 153[32m SUCCESS[39m (0 secs / 0.025 secs)
[1A[2KPhantomJS 1.9.7 (Mac OS X): Executed 106 of 153[32m SUCCESS[39m (0 secs / 0.025 secs)
[1A[2KPhantomJS 1.9.7 (Mac OS X): Executed 107 of 153[32m SUCCESS[39m (0 secs / 0.025 secs)
[1A[2KPhantomJS 1.9.7 (Mac OS X): Executed 108 of 153[32m SUCCESS[39m (0 secs / 0.025 secs)
[1A[2KPhantomJS 1.9.7 (Mac OS X): Executed 109 of 153[32m SUCCESS[39m (0 secs / 0.025 secs)
[1A[2KPhantomJS 1.9.7 (Mac OS X): Executed 110 of 153[32m SUCCESS[39m (0 secs / 0.025 secs)
[1A[2KPhantomJS 1.9.7 (Mac OS X): Executed 111 of 153[32m SUCCESS[39m (0 secs / 0.025 secs)
[1A[2KPhantomJS 1.9.7 (Mac OS X): Executed 112 of 153[32m SUCCESS[39m (0 secs / 0.025 secs)
[1A[2KPhantomJS 1.9.7 (Mac OS X): Executed 113 of 153[32m SUCCESS[39m (0 secs / 0.025 secs)
[1A[2KPhantomJS 1.9.7 (Mac OS X): Executed 114 of 153[32m SUCCESS[39m (0 secs / 0.026 secs)
[1A[2KPhantomJS 1.9.7 (Mac OS X): Executed 115 of 153[32m SUCCESS[39m (0 secs / 0.026 secs)
[1A[2KPhantomJS 1.9.7 (Mac OS X): Executed 116 of 153[32m SUCCESS[39m (0 secs / 0.026 secs)
[1A[2KPhantomJS 1.9.7 (Mac OS X): Executed 117 of 153[32m SUCCESS[39m (0 secs / 0.026 secs)
[1A[2KPhantomJS 1.9.7 (Mac OS X): Executed 118 of 153[32m SUCCESS[39m (0 secs / 0.027 secs)
[1A[2KPhantomJS 1.9.7 (Mac OS X): Executed 119 of 153[32m SUCCESS[39m (0 secs / 0.027 secs)
[1A[2KPhantomJS 1.9.7 (Mac OS X): Executed 120 of 153[32m SUCCESS[39m (0 secs / 0.027 secs)
[1A[2KPhantomJS 1.9.7 (Mac OS X): Executed 121 of 153[32m SUCCESS[39m (0 secs / 0.027 secs)
[1A[2KPhantomJS 1.9.7 (Mac OS X): Executed 122 of 153[32m SUCCESS[39m (0 secs / 0.028 secs)
[1A[2KPhantomJS 1.9.7 (Mac OS X): Executed 123 of 153[32m SUCCESS[39m (0 secs / 0.029 secs)
[1A[2KPhantomJS 1.9.7 (Mac OS X): Executed 124 of 153[32m SUCCESS[39m (0 secs / 0.03 secs)
[1A[2KPhantomJS 1.9.7 (Mac OS X): Executed 125 of 153[32m SUCCESS[39m (0 secs / 0.03 secs)
[1A[2KPhantomJS 1.9.7 (Mac OS X): Executed 126 of 153[32m SUCCESS[39m (0 secs / 0.03 secs)
[1A[2KPhantomJS 1.9.7 (Mac OS X): Executed 127 of 153[32m SUCCESS[39m (0 secs / 0.031 secs)
[1A[2KPhantomJS 1.9.7 (Mac OS X): Executed 128 of 153[32m SUCCESS[39m (0 secs / 0.031 secs)
[1A[2KPhantomJS 1.9.7 (Mac OS X): Executed 129 of 153[32m SUCCESS[39m (0 secs / 0.031 secs)
[1A[2KPhantomJS 1.9.7 (Mac OS X): Executed 130 of 153[32m SUCCESS[39m (0 secs / 0.032 secs)
[1A[2KPhantomJS 1.9.7 (Mac OS X): Executed 131 of 153[32m SUCCESS[39m (0 secs / 0.033 secs)
[1A[2KPhantomJS 1.9.7 (Mac OS X): Executed 132 of 153[32m SUCCESS[39m (0 secs / 0.036 secs)
[1A[2KPhantomJS 1.9.7 (Mac OS X): Executed 133 of 153[32m SUCCESS[39m (0 secs / 0.036 secs)
[1A[2KPhantomJS 1.9.7 (Mac OS X): Executed 134 of 153[32m SUCCESS[39m (0 secs / 0.036 secs)
[1A[2KPhantomJS 1.9.7 (Mac OS X): Executed 135 of 153[32m SUCCESS[39m (0 secs / 0.036 secs)
[1A[2KPhantomJS 1.9.7 (Mac OS X): Executed 136 of 153[32m SUCCESS[39m (0 secs / 0.037 secs)
[1A[2KPhantomJS 1.9.7 (Mac OS X): Executed 137 of 153[32m SUCCESS[39m (0 secs / 0.037 secs)
[1A[2KPhantomJS 1.9.7 (Mac OS X): Executed 138 of 153[32m SUCCESS[39m (0 secs / 0.038 secs)
[1A[2KPhantomJS 1.9.7 (Mac OS X): Executed 139 of 153[32m SUCCESS[39m (0 secs / 0.038 secs)
[1A[2KPhantomJS 1.9.7 (Mac OS X): Executed 140 of 153[32m SUCCESS[39m (0 secs / 0.038 secs)
[1A[2KPhantomJS 1.9.7 (Mac OS X): Executed 141 of 153[32m SUCCESS[39m (0 secs / 0.038 secs)
[1A[2KPhantomJS 1.9.7 (Mac OS X): Executed 142 of 153[32m SUCCESS[39m (0 secs / 0.038 secs)
[1A[2KPhantomJS 1.9.7 (Mac OS X): Executed 143 of 153[32m SUCCESS[39m (0 secs / 0.038 secs)
[1A[2KPhantomJS 1.9.7 (Mac OS X): Executed 144 of 153[32m SUCCESS[39m (0 secs / 0.039 secs)
[1A[2KPhantomJS 1.9.7 (Mac OS X): Executed 145 of 153[32m SUCCESS[39m (0 secs / 0.039 secs)
[1A[2KPhantomJS 1.9.7 (Mac OS X): Executed 146 of 153[32m SUCCESS[39m (0 secs / 0.039 secs)
[1A[2KPhantomJS 1.9.7 (Mac OS X): Executed 147 of 153[32m SUCCESS[39m (0 secs / 0.039 secs)
[1A[2KPhantomJS 1.9.7 (Mac OS X): Executed 148 of 153[32m SUCCESS[39m (0 secs / 0.039 secs)
[1A[2KPhantomJS 1.9.7 (Mac OS X): Executed 149 of 153[32m SUCCESS[39m (0 secs / 0.04 secs)
[1A[2KPhantomJS 1.9.7 (Mac OS X): Executed 150 of 153[32m SUCCESS[39m (0 secs / 0.04 secs)
[1A[2KPhantomJS 1.9.7 (Mac OS X): Executed 151 of 153[32m SUCCESS[39m (0 secs / 0.04 secs)
[1A[2KPhantomJS 1.9.7 (Mac OS X): Executed 152 of 153[32m SUCCESS[39m (0 secs / 0.04 secs)
[1A[2KPhantomJS 1.9.7 (Mac OS X): Executed 153 of 153[32m SUCCESS[39m (0 secs / 0.041 secs)
[1A[2KPhantomJS 1.9.7 (Mac OS X): Executed 153 of 153[32m SUCCESS[39m (0.08 secs / 0.041 secs)
