
> esprima@2.0.0-dev test /Users/jakub/Developer/Blame/externals/esprima
> npm run-script lint && node test/run.js && npm run-script coverage && npm run-script complexity


> esprima@2.0.0-dev lint /Users/jakub/Developer/Blame/externals/esprima
> npm run-script check-version && npm run-script eslint && npm run-script jscs && npm run-script jslint


> esprima@2.0.0-dev check-version /Users/jakub/Developer/Blame/externals/esprima
> node tools/check-version.js

Getting the canonical library version...
Library version is 2.0.0-dev
Checking package.json ...
Checking bower.json ...
Checking component.json ...

> esprima@2.0.0-dev eslint /Users/jakub/Developer/Blame/externals/esprima
> node node_modules/eslint/bin/eslint.js esprima.js


> esprima@2.0.0-dev jscs /Users/jakub/Developer/Blame/externals/esprima
> node node_modules/jscs/bin/jscs esprima.js

No code style errors found.

> esprima@2.0.0-dev jslint /Users/jakub/Developer/Blame/externals/esprima
> node node_modules/jslint/bin/jslint.js esprima.js


esprima.js is OK.
runner: 726 tests. 0 failures. 505 ms
compat: 412 tests. 0 failures. 148 ms
parselibs: Processing libraries...
  Underscore 1.5.2
  Backbone 1.1.0
  MooTools 1.4.5
  jQuery 1.9.1
  YUI 3.12.0
  jQuery.Mobile 1.4.2
  Angular 1.2.5

> esprima@2.0.0-dev coverage /Users/jakub/Developer/Blame/externals/esprima
> npm run-script analyze-coverage && npm run-script check-coverage


> esprima@2.0.0-dev analyze-coverage /Users/jakub/Developer/Blame/externals/esprima
> node node_modules/istanbul/lib/cli.js cover test/runner.js

726 tests. 0 failures. 911 ms

=============================== Coverage summary ===============================
Statements   : 100% ( 1961/1961 ), 3 ignored
Branches     : 100% ( 1167/1167 ), 10 ignored
Functions    : 100% ( 161/161 )
Lines        : 100% ( 1961/1961 )
================================================================================

> esprima@2.0.0-dev check-coverage /Users/jakub/Developer/Blame/externals/esprima
> node node_modules/istanbul/lib/cli.js check-coverage --statement 100 --branch 100 --function 100


> esprima@2.0.0-dev complexity /Users/jakub/Developer/Blame/externals/esprima
> npm run-script analyze-complexity && npm run-script check-complexity


> esprima@2.0.0-dev analyze-complexity /Users/jakub/Developer/Blame/externals/esprima
> node tools/list-complexity.js

Most cyclomatic-complex functions:
   scanStringLiteral 14
   parsePrimaryExpression 14
   scanNumericLiteral 14
   advanceSlash 13
   parseObjectInitialiser 12
   skipComment 12

> esprima@2.0.0-dev check-complexity /Users/jakub/Developer/Blame/externals/esprima
> node node_modules/complexity-report/src/cli.js --maxcc 15 --silent -l -w esprima.js

