
> fuse@0.4.0 test /Users/jakub/Developer/Blame/externals/fuse
> make test



  Using fuse
    on the command line
      with javascript
        should fuse two files
          ◦ by @depends: [2K[0G          ✓ by @depends (135ms)
          ◦ by @import: [2K[0G          ✓ by @import (129ms)
          ◦ by @include: [2K[0G          ✓ by @include (126ms)
        should fuse multiple files
          ◦ with two depends: [2K[0G          ✓ with two depends (126ms)
      with html
        should fuse two files
          ◦ by <!-- @depends -->: [2K[0G          ✓ by <!-- @depends --> (128ms)
          ◦ by <!-- @import -->: [2K[0G          ✓ by <!-- @import --> (125ms)
          ◦ by <!-- @include -->: [2K[0G          ✓ by <!-- @include --> (128ms)
        should fuse multiple files
          ◦ with two depends: [2K[0G          ✓ with two depends (129ms)
    as a module
      with html
        should fuse content
          ◦ with <!-- @depends -->: [2K[0G          ✓ with <!-- @depends --> (62ms)
          ◦ without a directive: [2K[0G          ✓ without a directive 
        it should fuse two files
          ◦ by <!-- @depends -->: [2K[0G          ✓ by <!-- @depends --> 
          ◦ without a directive: [2K[0G          ✓ without a directive 


  12 tests complete (1 seconds)

