
> handlebars@2.0.0-alpha.4 test /Users/jakub/Developer/Blame/externals/handlebars
> grunt

[4mRunning "clean:0" (clean) task[24m

[4mRunning "clean:1" (clean) task[24m
Cleaning "dist"...[32mOK[39m

[4mRunning "clean:2" (clean) task[24m
Cleaning "lib/handlebars/compiler/parser.js"...[32mOK[39m

[4mRunning "parser" task[24m
Parser "lib/handlebars/compiler/parser.js" created.

[4mRunning "packager:cjs" (packager) task[24m

[4mRunning "packager:global" (packager) task[24m

[4mRunning "jshint:files" (jshint) task[24m
[32m>> [39m14 files lint free.

[4mRunning "test:bin" task[24m

[4mRunning "test:mocha" task[24m
Running env: ./node

  [90m․[0m[90m․[0m[90m․[0m[90m․[0m[90m․[0m[90m․[0m[90m․[0m[90m․[0m[90m․[0m[90m․[0m[90m․[0m[90m․[0m[90m․[0m[90m․[0m[90m․[0m[90m․[0m[90m․[0m[90m․[0m[90m․[0m[90m․[0m[90m․[0m[90m․[0m[90m․[0m[90m․[0m[90m․[0m[90m․[0m[90m․[0m[90m․[0m[90m․[0m[90m․[0m[90m․[0m[90m․[0m[90m․[0m[90m․[0m[90m․[0m[90m․[0m[90m․[0m[90m․[0m[90m․[0m[90m․[0m[90m․[0m[90m․[0m[90m․[0m[90m․[0m[90m․[0m[90m․[0m[90m․[0m[90m․[0m[90m․[0m[90m․[0m[90m․[0m[90m․[0m[90m․[0m[90m․[0m[90m․[0m
  [90m․[0m[90m․[0m[90m․[0m[90m․[0m[90m․[0m[90m․[0m[90m․[0m[90m․[0m[90m․[0m[90m․[0m[90m․[0m[90m․[0m[90m․[0m[90m․[0m[90m․[0m[90m․[0m[90m․[0m[90m․[0m[90m․[0m[90m․[0m[90m․[0m[90m․[0m[90m․[0m[90m․[0m[90m․[0m[90m․[0m[90m․[0m[90m․[0m[90m․[0m[90m․[0m[90m․[0m[90m․[0m[90m․[0m[90m․[0m[90m․[0m[90m․[0m[90m․[0m[90m․[0m[90m․[0m[90m․[0m[90m․[0m[90m․[0m[90m․[0m[90m․[0m[90m․[0m[90m․[0m[90m․[0m[90m․[0m[90m․[0m[90m․[0m[90m․[0m[90m․[0m[90m․[0m[90m․[0m[90m․[0m[90m․[0m
  [90m․[0m[90m․[0m[90m․[0m[90m․[0m[90m․[0m[90m․[0m[90m․[0m[90m․[0m[90m․[0m[90m․[0m[90m․[0m[90m․[0m[90m․[0m[90m․[0m[90m․[0m[90m․[0m[90m․[0m[90m․[0m[90m․[0m[90m․[0m[90m․[0m[90m․[0m[90m․[0m[90m․[0m[90m․[0m[90m․[0m[90m․[0m[90m․[0m[90m․[0m[90m․[0m[90m․[0m[90m․[0m[90m․[0m[90m․[0m[90m․[0m[90m․[0m[90m․[0m[90m․[0m[90m․[0m[90m․[0m[90m․[0m[90m․[0m[90m․[0m[90m․[0m[90m․[0m[90m․[0m[90m․[0m[90m․[0m[90m․[0m[90m․[0m[90m․[0m[90m․[0m[90m․[0m[90m․[0m[90m․[0m[90m․[0m
  [90m․[0m[90m․[0m[90m․[0m[90m․[0m[90m․[0m[90m․[0m[90m․[0m[90m․[0m[90m․[0m[90m․[0m[90m․[0m[90m․[0m[90m․[0m[90m․[0m[90m․[0m[90m․[0m[90m․[0m[90m․[0m[90m․[0m[90m․[0m[90m․[0m[90m․[0m[90m․[0m[90m․[0m[90m․[0m[90m․[0m[90m․[0m[90m․[0m[90m․[0m[90m․[0m[90m․[0m[90m․[0m[90m․[0m[90m․[0m[90m․[0m[90m․[0m[90m․[0m[90m․[0m[90m․[0m[90m․[0m[90m․[0m[90m․[0m[90m․[0m[90m․[0m[90m․[0m[90m․[0m[90m․[0m[90m․[0m[90m․[0m[90m․[0m[90m․[0m[90m․[0m[90m․[0m[90m․[0m[90m․[0m[90m․[0m
  [90m․[0m[90m․[0m[90m․[0m[90m․[0m[90m․[0m[90m․[0m[90m․[0m[90m․[0m[90m․[0m[90m․[0m[90m․[0m[90m․[0m[90m․[0m[90m․[0m[90m․[0m[90m․[0m[90m․[0m[90m․[0m[90m․[0m[90m․[0m[90m․[0m[90m․[0m[90m․[0m[90m․[0m[90m․[0m[90m․[0m[90m․[0m[90m․[0m[90m․[0m[90m․[0m[90m․[0m[90m․[0m[90m․[0m[90m․[0m[90m․[0m[90m․[0m[90m․[0m[90m․[0m[90m․[0m[90m․[0m[90m․[0m[90m․[0m[90m․[0m[90m․[0m[90m․[0m[90m․[0m[90m․[0m[90m․[0m[90m․[0m[90m․[0m[90m․[0m[90m․[0m[90m․[0m[90m․[0m[90m․[0m[90m․[0m
  [90m․[0m[90m․[0m[90m․[0m[90m․[0m[90m․[0m[90m․[0m[90m․[0m[90m․[0m[90m․[0m[90m․[0m[90m․[0m[90m․[0m[90m․[0m[90m․[0m[90m․[0m[90m․[0m[90m․[0m[90m․[0m[90m․[0m[90m․[0m[90m․[0m[90m․[0m[90m․[0m[90m․[0m[90m․[0m[90m․[0m[90m․[0m[90m․[0m[90m․[0m[90m․[0m[90m․[0m[90m․[0m[90m․[0m[90m․[0m[90m․[0m[90m․[0m[90m․[0m[90m․[0m[90m․[0m[90m․[0m[90m․[0m[90m․[0m[90m․[0m[90m․[0m[90m․[0m[90m․[0m[90m․[0m[90m․[0m[90m․[0m[90m․[0m[90m․[0m[90m․[0m[90m․[0m[90m․[0m[90m․[0m[90m․[0m
  [90m․[0m[90m․[0m[90m․[0m[90m․[0m[90m․[0m[90m․[0m[90m․[0m[90m․[0m

[92m [0m[32m 343 passing[0m[90m (334ms)[0m

Running env: ./browser

  [90m․[0m[90m․[0m[90m․[0m[90m․[0m[90m․[0m[90m․[0m[90m․[0m[90m․[0m[90m․[0m[90m․[0m[90m․[0m[90m․[0m[90m․[0m[90m․[0m[90m․[0m[90m․[0m[90m․[0m[90m․[0m[90m․[0m[90m․[0m[90m․[0m[90m․[0m[90m․[0m[90m․[0m[90m․[0m[90m․[0m[90m․[0m[90m․[0m[90m․[0m[90m․[0m[90m․[0m[90m․[0m[90m․[0m[90m․[0m[90m․[0m[90m․[0m[90m․[0m[90m․[0m[90m․[0m[90m․[0m[90m․[0m[90m․[0m[90m․[0m[90m․[0m[90m․[0m[90m․[0m[90m․[0m[90m․[0m[90m․[0m[90m․[0m[90m․[0m[90m․[0m[90m․[0m[90m․[0m[90m․[0m
  [90m․[0m[90m․[0m[90m․[0m[90m․[0m[90m․[0m[90m․[0m[90m․[0m[90m․[0m[90m․[0m[90m․[0m[90m․[0m[90m․[0m[90m․[0m[90m․[0m[90m․[0m[90m․[0m[90m․[0m[90m․[0m[90m․[0m[90m․[0m[90m․[0m[90m․[0m[90m․[0m[90m․[0m[90m․[0m[90m․[0m[90m․[0m[90m․[0m[90m․[0m[90m․[0m[90m․[0m[90m․[0m[90m․[0m[90m․[0m[90m․[0m[90m․[0m[90m․[0m[90m․[0m[90m․[0m[90m․[0m[90m․[0m[90m․[0m[90m․[0m[90m․[0m[90m․[0m[90m․[0m[90m․[0m[90m․[0m[90m․[0m[90m․[0m[90m․[0m[90m․[0m[90m․[0m[90m․[0m[90m․[0m[90m․[0m
  [90m․[0m[90m․[0m[90m․[0m[90m․[0m[90m․[0m[90m․[0m[90m․[0m[90m․[0m[90m․[0m[90m․[0m[90m․[0m[90m․[0m[90m․[0m[90m․[0m[90m․[0m[90m․[0m[90m․[0m[90m․[0m[90m․[0m[90m․[0m[90m․[0m[90m․[0m[90m․[0m[90m․[0m[90m․[0m[90m․[0m[90m․[0m[90m․[0m[90m․[0m[90m․[0m[90m․[0m[90m․[0m[90m․[0m[90m․[0m[90m․[0m[90m․[0m[90m․[0m[90m․[0m[90m․[0m[90m․[0m[90m․[0m[90m․[0m[90m․[0m[90m․[0m[90m․[0m[90m․[0m[90m․[0m[90m․[0m[90m․[0m[90m․[0m[90m․[0m[90m․[0m[90m․[0m[90m․[0m[90m․[0m[90m․[0m
  [90m․[0m[90m․[0m[90m․[0m[90m․[0m[90m․[0m[90m․[0m[90m․[0m[90m․[0m[90m․[0m[90m․[0m[90m․[0m[90m․[0m[90m․[0m[90m․[0m[90m․[0m[90m․[0m[90m․[0m[90m․[0m[90m․[0m[90m․[0m[90m․[0m[90m․[0m[90m․[0m[90m․[0m[90m․[0m[90m․[0m[90m․[0m[90m․[0m[90m․[0m[90m․[0m[90m․[0m[90m․[0m[90m․[0m[90m․[0m[90m․[0m[90m․[0m[90m․[0m[90m․[0m[90m․[0m[90m․[0m[90m․[0m[90m․[0m[90m․[0m[90m․[0m[90m․[0m[90m․[0m[90m․[0m[90m․[0m[90m․[0m[90m․[0m[90m․[0m[90m․[0m[90m․[0m[90m․[0m[90m․[0m[90m․[0m
  [90m․[0m[90m․[0m[90m․[0m[90m․[0m[90m․[0m[90m․[0m[90m․[0m[90m․[0m[90m․[0m[90m․[0m[90m․[0m[90m․[0m[90m․[0m[90m․[0m[90m․[0m[90m․[0m[90m․[0m[90m․[0m[90m․[0m[90m․[0m[90m․[0m[90m․[0m[90m․[0m[90m․[0m[90m․[0m[90m․[0m[90m․[0m[90m․[0m[90m․[0m[90m․[0m[90m․[0m[90m․[0m[90m․[0m[90m․[0m[90m․[0m[90m․[0m[90m․[0m[90m․[0m[90m․[0m[90m․[0m[90m․[0m[90m․[0m[90m․[0m[90m․[0m[90m․[0m[90m․[0m[90m․[0m[90m․[0m[90m․[0m[90m․[0m[90m․[0m[90m․[0m[90m․[0m[90m․[0m[90m․[0m[90m․[0m
  [90m․[0m[90m․[0m[90m․[0m[90m․[0m[90m․[0m[90m․[0m[90m․[0m[90m․[0m[90m․[0m[90m․[0m[90m․[0m[90m․[0m[90m․[0m[90m․[0m[90m․[0m[90m․[0m[90m․[0m[90m․[0m[90m․[0m[90m․[0m[90m․[0m[90m․[0m[90m․[0m[90m․[0m[90m․[0m[90m․[0m[90m․[0m[90m․[0m[90m․[0m[90m․[0m

[92m [0m[32m 309 passing[0m[90m (279ms)[0m

Running env: ./runtime

  [90m․[0m[90m․[0m[90m․[0m[90m․[0m[90m․[0m[90m․[0m[90m․[0m[90m․[0m[90m․[0m[90m․[0m[90m․[0m[90m․[0m[90m․[0m[90m․[0m[90m․[0m[90m․[0m[90m․[0m[90m․[0m[90m․[0m[90m․[0m[90m․[0m[90m․[0m[90m․[0m[90m․[0m[90m․[0m[90m․[0m[90m․[0m[90m․[0m[90m․[0m[90m․[0m[90m․[0m[90m․[0m[90m․[0m[90m․[0m[90m․[0m[90m․[0m[90m․[0m[90m․[0m[90m․[0m[90m․[0m[90m․[0m[90m․[0m[90m․[0m[90m․[0m[90m․[0m[90m․[0m[90m․[0m[90m․[0m[90m․[0m[90m․[0m[90m․[0m[90m․[0m[90m․[0m[90m․[0m[90m․[0m
  [90m․[0m[90m․[0m[90m․[0m[90m․[0m[90m․[0m[90m․[0m[90m․[0m[90m․[0m[90m․[0m[90m․[0m[90m․[0m[90m․[0m[90m․[0m[90m․[0m[90m․[0m[90m․[0m[90m․[0m[90m․[0m[90m․[0m[90m․[0m[90m․[0m[90m․[0m[90m․[0m[90m․[0m[90m․[0m[90m․[0m[90m․[0m[90m․[0m[90m․[0m[90m․[0m[90m․[0m[90m․[0m[90m․[0m[90m․[0m[90m․[0m[90m․[0m[90m․[0m[90m․[0m[90m․[0m[90m․[0m[90m․[0m[90m․[0m[90m․[0m[90m․[0m[90m․[0m[90m․[0m[90m․[0m[90m․[0m[90m․[0m[90m․[0m[90m․[0m[90m․[0m[90m․[0m[90m․[0m[90m․[0m[90m․[0m
  [90m․[0m[90m․[0m[90m․[0m[90m․[0m[90m․[0m[90m․[0m[90m․[0m[90m․[0m[90m․[0m[90m․[0m[90m․[0m[90m․[0m[90m․[0m[90m․[0m[90m․[0m[90m․[0m[90m․[0m[90m․[0m[90m․[0m[90m․[0m[90m․[0m[90m․[0m[90m․[0m[90m․[0m[90m․[0m[90m․[0m[90m․[0m[90m․[0m[90m․[0m[90m․[0m[90m․[0m[90m․[0m[90m․[0m[90m․[0m[90m․[0m[90m․[0m[90m․[0m[90m․[0m[90m․[0m[90m․[0m[90m․[0m[90m․[0m[90m․[0m[90m․[0m[90m․[0m[90m․[0m[90m․[0m[90m․[0m[90m․[0m[90m․[0m[90m․[0m[90m․[0m[90m․[0m[90m․[0m[90m․[0m[90m․[0m
  [90m․[0m[90m․[0m[90m․[0m[90m․[0m[90m․[0m[90m․[0m[90m․[0m[90m․[0m[90m․[0m[90m․[0m[90m․[0m[90m․[0m[90m․[0m[90m․[0m[90m․[0m[90m․[0m[90m․[0m[90m․[0m[90m․[0m[90m․[0m[90m․[0m[90m․[0m[90m․[0m[90m․[0m[90m․[0m[90m․[0m[90m․[0m[90m․[0m[90m․[0m[90m․[0m[90m․[0m[90m․[0m[90m․[0m[90m․[0m[90m․[0m[90m․[0m[90m․[0m[90m․[0m[90m․[0m[90m․[0m[90m․[0m[90m․[0m[90m․[0m[90m․[0m[90m․[0m[90m․[0m[90m․[0m[90m․[0m[90m․[0m[90m․[0m[90m․[0m[90m․[0m[90m․[0m[90m․[0m[90m․[0m[90m․[0m
  [90m․[0m[90m․[0m[90m․[0m[90m․[0m[90m․[0m[90m․[0m

[92m [0m[32m 229 passing[0m[90m (279ms)[0m


[4mRunning "packager:amd" (packager) task[24m

[4mRunning "requirejs:dist" (requirejs) task[24m

[4mRunning "requirejs:runtime" (requirejs) task[24m

[4mRunning "jshint:files" (jshint) task[24m
[32m>> [39m14 files lint free.

[4mRunning "uglify:dist" (uglify) task[24m
File "dist/handlebars.amd.min.js" created.
File "dist/handlebars.min.js" created.
File "dist/handlebars.runtime.amd.min.js" created.
File "dist/handlebars.runtime.min.js" created.

[4mRunning "copy:dist" (copy) task[24m
Copied [36m8[39m files

[4mRunning "copy:components" (copy) task[24m
Created [36m3[39m directories, copied [36m14[39m files

[4mRunning "copy:cdnjs" (copy) task[24m
Copied [36m8[39m files

[32mDone, without errors.[39m
