
> js-git@0.7.6 test /Users/jakub/Developer/Blame/externals/js-git
> ls test/test-* | xargs -n1 node

1..3
ok 1 - testDecode
ok 2 - testEncode
ok 3 - testEncode2
1..4
ok 1 - testSaveAs
ok 2 - testLoadRaw
ok 3 - testLoadAs
ok 4 - testSaveRaw
1..14
ok 1 - testEncodeBlob
ok 2 - testEncodeBlobInvalidType
ok 3 - testEncodeTree
ok 4 - testTreeSort
ok 5 - testEncodeCommit
ok 6 - testEncodeTag
ok 7 - testDecodeTag
ok 8 - testDecodeCommit
ok 9 - testDecodeTree
ok 10 - testDecodeBlob
ok 11 - testUnicodeFilePath
ok 12 - testUnicodeCommit
ok 13 - testUnicodeTag
ok 14 - testBinaryBlob
1..3
ok 1 - testDecodePack
ok 2 - testEncodePack
ok 3 - verifyEncodePack
1..3
ok 1 - setup
ok 2 - testUnpack
ok 3 - testPack
1..2
ok 1 - testRoundTrip
ok 2 - testStream
