
> marked@0.3.2 test /Users/jakub/Developer/Blame/externals/marked
> node test

#1. amps_and_angles_encoding.text completed.
#2. auto_links.text completed.
#3. autolink_lines.text completed.
#4. blockquote_list_item.text completed.
#5. backslash_escapes.text completed.
#6. blockquotes_with_code_blocks.text completed.
#7. case_insensitive_refs.text completed.
#8. code_blocks.text completed.
#9. code_spans.text completed.

#10. def_blocks.text failed at offset 20. Near: "<blockquote><p>hello</p><p><ahref="foo">1</a>:hell".


Got:
<blockquote><p>hello</p><p><ahref="foo">1</a>:hell


Expected:
<blockquote><p>hello[1]:hello</p></blockquote><hr>

#11. double_link.text completed.
#12. escaped_angles.text completed.
#13. gfm_break.breaks.text completed.
#14. gfm_code_hr_list.text completed.
#15. gfm_del.text completed.
#16. gfm_em.text completed.
#17. gfm_links.text completed.
#18. gfm_tables.text completed.
#19. gfm_code.text completed.
#20. hard_wrapped_paragraphs_with_list_like_lines.nogfm.text completed.
#21. horizontal_rules.text completed.
#22. hr_list_break.text completed.
#23. inline_html_advanced.text completed.
#24. inline_html_comments.text completed.
#25. inline_html_simple.text completed.
#26. lazy_blockquotes.text completed.
#27. links_reference_style.text completed.
#28. links_shortcut_references.text completed.
#29. list_item_text.text completed.
#30. literal_quotes_in_titles.text completed.
#31. loose_lists.text completed.
#32. links_inline_style.text completed.
#33. main.text completed.
#34. markdown_documentation_basics.text completed.
#35. markdown_documentation_syntax.text completed.
#36. nested_blockquotes.text completed.
#37. nested_code.text completed.
#38. nested_em.text completed.
#39. nested_square_link.text completed.
#40. not_a_link.text completed.
#41. ordered_and_unordered_lists.text completed.
#42. ref_paren.text completed.
#43. same_bullet.text completed.
#44. strong_and_em_together.text completed.
#45. tabs.text completed.
#46. text.smartypants.text completed.
#47. tidyness.text completed.
#48. toplevel_paragraphs.gfm.text completed.
#49. tricky_list.text completed.
48/49 tests completed successfully.
1/49 tests failed.
