
> moment@2.8.1 test /Users/jakub/Developer/Blame/externals/moment
> grunt test:node

[4mRunning "nodeunit:all" (nodeunit) task[24m
Testing add_subtract.js..............[32mOK[39m
Testing create.js...................................................[32mOK[39m
Testing days_in_month.js..[32mOK[39m
Testing diff.js.............[32mOK[39m
Testing duration.js..................................[32mOK[39m
Testing duration_from_moments.js.....[32mOK[39m
Testing format.js........................[32mOK[39m
Testing getters_setters.js..........[32mOK[39m
Testing invalid.js...[32mOK[39m
Testing is_after.js........[32mOK[39m
Testing is_before.js........[32mOK[39m
Testing is_moment.js.[32mOK[39m
Testing is_same.js.........[32mOK[39m
Testing is_valid.js.................[32mOK[39m
Testing leapyear.js.[32mOK[39m
Testing listers.js....[32mOK[39m
Testing locale.js.................................[32mOK[39m
Testing min_max.js..[32mOK[39m
Testing mutable.js..[32mOK[39m
Testing normalizeUnits.js.[32mOK[39m
Testing parsing_flags.js...........[32mOK[39m
Testing preparse_postformat.js...[32mOK[39m
Testing quarter.js.........[32mOK[39m
Testing relative_time.js...[32mOK[39m
Testing sod_eod.js....................[32mOK[39m
Testing string_prototype.js.[32mOK[39m
Testing utc.js......[32mOK[39m
Testing week_year.js..[32mOK[39m
Testing weekday.js.........[32mOK[39m
Testing weeks.js.................[32mOK[39m
Testing weeks_in_year.js.....[32mOK[39m
Testing zone_switching.js........[32mOK[39m
Testing zones.js.............................[32mOK[39m
Testing af.js.....................[32mOK[39m
Testing ar-ma.js.....................[32mOK[39m
Testing ar-sa.js.....................[32mOK[39m
Testing ar.js.....................[32mOK[39m
Testing az.js.....................[32mOK[39m
Testing be.js.......................[32mOK[39m
Testing bg.js.....................[32mOK[39m
Testing bn.js......................[32mOK[39m
Testing bo.js......................[32mOK[39m
Testing br.js..............[32mOK[39m
Testing bs.js.....................[32mOK[39m
Testing ca.js....................[32mOK[39m
Testing cs.js.......................[32mOK[39m
Testing cv.js.....................[32mOK[39m
Testing cy.js....................[32mOK[39m
Testing da.js.................[32mOK[39m
Testing de-at.js....................[32mOK[39m
Testing de.js....................[32mOK[39m
Testing el.js.....................[32mOK[39m
Testing en-au.js.....................[32mOK[39m
Testing en-ca.js.....................[32mOK[39m
Testing en-gb.js.....................[32mOK[39m
Testing en.js.....................[32mOK[39m
Testing eo.js.....................[32mOK[39m
Testing es.js.....................[32mOK[39m
Testing et.js.....................[32mOK[39m
Testing eu.js.....................[32mOK[39m
Testing fa.js.....................[32mOK[39m
Testing fi.js.....................[32mOK[39m
Testing fo.js.................[32mOK[39m
Testing fr-ca.js....................[32mOK[39m
Testing fr.js....................[32mOK[39m
Testing gl.js.....................[32mOK[39m
Testing he.js....................[32mOK[39m
Testing hi.js......................[32mOK[39m
Testing hr.js.....................[32mOK[39m
Testing hu.js......................[32mOK[39m
Testing hy-am.js..........................[32mOK[39m
Testing id.js....................[32mOK[39m
Testing is.js.....................[32mOK[39m
Testing it.js....................[32mOK[39m
Testing ja.js....................[32mOK[39m
Testing ka.js.....................[32mOK[39m
Testing km.js.....................[32mOK[39m
Testing ko.js......................[32mOK[39m
Testing lb.js........[32mOK[39m
Testing lt.js......................[32mOK[39m
Testing lv.js.....................[32mOK[39m
Testing mk.js.....................[32mOK[39m
Testing ml.js......................[32mOK[39m
Testing mr.js......................[32mOK[39m
Testing ms-my.js.....................[32mOK[39m
Testing my.js.....................[32mOK[39m
Testing nb.js.....................[32mOK[39m
Testing ne.js......................[32mOK[39m
Testing nl.js......................[32mOK[39m
Testing nn.js.....................[32mOK[39m
Testing pl.js.....................[32mOK[39m
Testing pt-br.js....................[32mOK[39m
Testing pt.js....................[32mOK[39m
Testing ro.js.....................[32mOK[39m
Testing ru.js..........................[32mOK[39m
Testing sk.js.......................[32mOK[39m
Testing sl.js.....................[32mOK[39m
Testing sq.js......................[32mOK[39m
Testing sr-cyrl.js.....................[32mOK[39m
Testing sr.js.....................[32mOK[39m
Testing sv.js.....................[32mOK[39m
Testing ta.js.....................[32mOK[39m
Testing th.js....................[32mOK[39m
Testing tl-ph.js....................[32mOK[39m
Testing tr.js.....................[32mOK[39m
Testing tzm-latn.js.....................[32mOK[39m
Testing tzm.js.....................[32mOK[39m
Testing uk.js......................[32mOK[39m
Testing uz.js.....................[32mOK[39m
Testing vi.js.....................[32mOK[39m
Testing zh-cn.js......................[32mOK[39m
Testing zh-tw.js.....................[32mOK[39m
[32m>> [39m26045 assertions passed (2322ms)

[32mDone, without errors.[39m
