
> should@4.0.4 test /Users/jakub/Developer/Blame/externals/should
> gulp test

[04:03:26] Using gulpfile ~/Developer/Blame/externals/should/gulpfile.js
[04:03:26] Starting 'test'...
    
       exist 
         ✓ test static should.exist() pass w/ bool 
         ✓ test static should.exist() pass w/ number 
         ✓ test static should.exist() pass w/ string 
         ✓ test static should.exist() pass w/ object 
         ✓ test static should.exist() pass w/ array 
         ✓ test static should.exist() fail w/ null 
         ✓ test static should.exist() fail w/ undefined 
         ✓ test static should.not.exist() pass w/ null 
         ✓ test static should.not.exist() pass w/ undefined 
         ✓ test static should.not.exist() fail w/ bool 
         ✓ test static should.not.exist() fail w/ number 
         ✓ test static should.not.exist() fail w/ string 
         ✓ test static should.not.exist() fail w/ object 
         ✓ test static should.not.exist() fail w/ array 
   
       should 
         ✓ test double require 
         ✓ test assertion 
         ✓ test .expected and .actual 
         ✓ test chaining 
   
       bool 
         ✓ test true 
         ✓ test false 
         ✓ test ok 
   
       property 
         ✓ test containEql 
         ✓ test containDeep 
         ✓ test .containDeepOrdered 
   
       eql 
         ✓ test eql(val) 
         ✓ test equal(val) 
         ✓ test .equal() 
   
       error 
         ✓ test throw() 
         ✓ test throw() with regex message 
         ✓ test throw() with string message 
         ✓ test throw() with type 
         ✓ test throwError() 
         ✓ test throwError() with regex message 
         ✓ test throwError() with string message 
         ✓ test throwError() with type 
         ✓ test .throw(err, properties) with matching error 
         ✓ test .throw(properties) with matching error 
   
       match 
         ✓ test string match(regexp) 
         ✓ test object match(regexp) 
         ✓ test array match(regexp) 
         ✓ test match(function) 
         ✓ test match(object) 
         ✓ test each property match(function) 
   
       number 
         ✓ test NaN 
         ✓ test Infinity 
         ✓ test within(start,  it(finish) 
         ✓ test approximately(number,  it(delta) 
         ✓ test above(n) 
         ✓ test below(n) 
   
       property 
         ✓ test enumerable(name) 
         ✓ test enumerable(name,  it(val) 
         ✓ test property(name) 
         ✓ test property(name,  it(val) 
         ✓ test length(n) 
         ✓ test ownProperty(name) 
         ✓ test ownProperty(name).equal(val) 
         ✓ test properties(name1, name2,  it(...) 
         ✓ test properties([names]) 
         ✓ test any of properties 
         ✓ test keys(array) 
         ✓ test empty 
         ✓ should .propertyByPath lookup properties by name path 
   
       string 
         ✓ test startWith() 
         ✓ test endWith() 
   
       type 
         ✓ test arguments 
         ✓ test typeof 
         ✓ test instanceof 
         ✓ test instanceOf (non-  it(reserved) 
         ✓ test Function 
         ✓ test Object 
         ✓ test String 
         ✓ test Array 
         ✓ test Number 
         ✓ test Boolean 
         ✓ test Error 
   

   Executed 75 tests in 11 suites in 66ms 
       All passes 
[04:03:26] Finished 'test' after 124 ms
