
> sjcl@1.0.1 test /Users/jakub/Developer/Blame/externals/sjcl
> make test

node test/run_tests_node.js sjcl.js browserTest/nodeUtil.js test/test.js test/aes_vectors.js test/aes_test.js test/ocb2_vectors.js test/ocb2_test.js test/ccm_vectors.js test/ccm_test.js test/cbc_vectors.js test/cbc_test.js test/gcm_vectors.js test/gcm_test.js test/sha256_vectors.js test/sha256_test.js test/sha256_test_brute_force.js test/sha512_vectors.js test/sha512_test.js test/sha512_test_brute_force.js test/sha1_vectors.js test/sha1_test.js test/hmac_vectors.js test/hmac_test.js test/pbkdf2_test.js test/bn_vectors.js test/bn_test.js test/ecdsa_test.js test/ecdsa_vectors.js test/ecdh_test.js test/srp_vectors.js test/srp_test.js
Running AES official known-answer tests...
  + passed all 4156 tests. (18 ms)

Running OCB 2.0 mode tests...
  + passed all 22 tests. (3 ms)

Running CCM mode tests...
  + passed all 2000 tests. (110 ms)

Running CBC mode tests...
  ? unimplemented

Running GCM mode tests...
  + passed all 36 tests. (6 ms)

Running SHA-256 from catameringue...
  + passed all 513 tests. (18 ms)

Running SHA-256 iterative...
  + passed. (35 ms)

Running SHA-512 from catameringue...
  ? unimplemented

Running SHA-512 iterative...
  ? unimplemented

Running SHA-1 from sha1sum...
  ? unimplemented

Running HMAC official test vectors...
  + passed all 18 tests. (2 ms)

Running PBKDF2...
  + passed. (18 ms)

Running Bignum modular reduction test...
  ? unimplemented

Running Bignum modular multiplication test...
  ? unimplemented

Running Bignum modular exponentiation test...
  ? unimplemented

Running ECDSA test...
  ? unimplemented

Running ECDH test...
  ? unimplemented

Running SRP known-answer (RFC 5054) tests...
  ? unimplemented

