
> optimist@0.6.1 test /Users/jakub/Developer/Blame/externals/optimist
> tap ./test/*.js

ok ./test/_.js .......................................... 7/7
ok ./test/dash.js ....................................... 6/6
not ok ./test/parse.js ................................ 38/70
    Command: "/usr/local/Cellar/node/0.11.13/bin/node parse.js"
    TAP version 13
    not ok 1 should be equivalent
      ---
        file:   /Users/jakub/Developer/Blame/externals/optimist/test/parse.js
        line:   9
        column: 7
        stack:  
          - getCaller (/Users/jakub/Developer/Blame/externals/optimist/node_modules/tap/lib/tap-assert.js:418:17)
          - assert (/Users/jakub/Developer/Blame/externals/optimist/node_modules/tap/lib/tap-assert.js:21:16)
          - Function.equivalent (/Users/jakub/Developer/Blame/externals/optimist/node_modules/tap/lib/tap-assert.js:182:12)
          - Test._testAssert (/Users/jakub/Developer/Blame/externals/optimist/node_modules/tap/lib/tap-test.js:87:16)
          - Test.<anonymous> (/Users/jakub/Developer/Blame/externals/optimist/test/parse.js:9:7)
          - Test.EventEmitter.emit (events.js:129:20)
          - Test.emit (/Users/jakub/Developer/Blame/externals/optimist/node_modules/tap/lib/tap-test.js:104:8)
          - GlobalHarness.Harness.process (/Users/jakub/Developer/Blame/externals/optimist/node_modules/tap/lib/tap-harness.js:87:13)
          - process._tickCallback (node.js:343:11)
          - Function.Module.runMain (module.js:492:11)
        found:  
          _:    
            - 
          b:    true
          "$0": /usr/local/Cellar/node/0.11.13/bin/node ./parse.js
        wanted: 
          b:    true
          _:    
            - 
          "$0": node ./parse.js
        diff:   |
          {
            "_" : [
              
            ],
            "b" : true,
            "$0" : [34m[1m"/usr/local/Cellar/node/0.11.13/bin/node ./parse.js"[0m[36m[1m // != "node ./parse.js"[0m
          }
      ...
    ok 2 should be equivalent
    not ok 3 should be equivalent
      ---
        file:   /Users/jakub/Developer/Blame/externals/optimist/test/parse.js
        line:   15
        column: 7
        stack:  
          - getCaller (/Users/jakub/Developer/Blame/externals/optimist/node_modules/tap/lib/tap-assert.js:418:17)
          - assert (/Users/jakub/Developer/Blame/externals/optimist/node_modules/tap/lib/tap-assert.js:21:16)
          - Function.equivalent (/Users/jakub/Developer/Blame/externals/optimist/node_modules/tap/lib/tap-assert.js:182:12)
          - Test._testAssert (/Users/jakub/Developer/Blame/externals/optimist/node_modules/tap/lib/tap-test.js:87:16)
          - Test.<anonymous> (/Users/jakub/Developer/Blame/externals/optimist/test/parse.js:15:7)
          - Test.EventEmitter.emit (events.js:129:20)
          - Test.emit (/Users/jakub/Developer/Blame/externals/optimist/node_modules/tap/lib/tap-test.js:104:8)
          - GlobalHarness.Harness.process (/Users/jakub/Developer/Blame/externals/optimist/node_modules/tap/lib/tap-harness.js:87:13)
          - process._tickCallback (node.js:343:11)
          - Function.Module.runMain (module.js:492:11)
        found:  
          _:    
            - 
          bool: true
          "$0": /usr/local/Cellar/node/0.11.13/bin/node ./parse.js
        wanted: 
          bool: true
          _:    
            - 
          "$0": node ./parse.js
        diff:   |
          {
            "_" : [
              
            ],
            "bool" : true,
            "$0" : [34m[1m"/usr/local/Cellar/node/0.11.13/bin/node ./parse.js"[0m[36m[1m // != "node ./parse.js"[0m
          }
      ...
    not ok 4 should be equivalent
      ---
        file:   /Users/jakub/Developer/Blame/externals/optimist/test/parse.js
        line:   23
        column: 7
        stack:  
          - getCaller (/Users/jakub/Developer/Blame/externals/optimist/node_modules/tap/lib/tap-assert.js:418:17)
          - assert (/Users/jakub/Developer/Blame/externals/optimist/node_modules/tap/lib/tap-assert.js:21:16)
          - Function.equivalent (/Users/jakub/Developer/Blame/externals/optimist/node_modules/tap/lib/tap-assert.js:182:12)
          - Test._testAssert (/Users/jakub/Developer/Blame/externals/optimist/node_modules/tap/lib/tap-test.js:87:16)
          - Test.<anonymous> (/Users/jakub/Developer/Blame/externals/optimist/test/parse.js:23:7)
          - Test.EventEmitter.emit (events.js:129:20)
          - Test.emit (/Users/jakub/Developer/Blame/externals/optimist/node_modules/tap/lib/tap-test.js:104:8)
          - GlobalHarness.Harness.process (/Users/jakub/Developer/Blame/externals/optimist/node_modules/tap/lib/tap-harness.js:87:13)
          - process._tickCallback (node.js:343:11)
          - Function.Module.runMain (module.js:492:11)
        found:  
          _:    
            - foo
            - bar
            - baz
          "$0": /usr/local/Cellar/node/0.11.13/bin/node ./parse.js
        wanted: 
          _:    
            - foo
            - bar
            - baz
          "$0": node ./parse.js
        diff:   |
          {
            "_" : [
              "foo",
              "bar",
              "baz"
            ],
            "$0" : [34m[1m"/usr/local/Cellar/node/0.11.13/bin/node ./parse.js"[0m[36m[1m // != "node ./parse.js"[0m
          }
      ...
    not ok 5 should be equivalent
      ---
        file:   /Users/jakub/Developer/Blame/externals/optimist/test/parse.js
        line:   31
        column: 7
        stack:  
          - getCaller (/Users/jakub/Developer/Blame/externals/optimist/node_modules/tap/lib/tap-assert.js:418:17)
          - assert (/Users/jakub/Developer/Blame/externals/optimist/node_modules/tap/lib/tap-assert.js:21:16)
          - Function.equivalent (/Users/jakub/Developer/Blame/externals/optimist/node_modules/tap/lib/tap-assert.js:182:12)
          - Test._testAssert (/Users/jakub/Developer/Blame/externals/optimist/node_modules/tap/lib/tap-test.js:87:16)
          - Test.<anonymous> (/Users/jakub/Developer/Blame/externals/optimist/test/parse.js:31:7)
          - Test.EventEmitter.emit (events.js:129:20)
          - Test.emit (/Users/jakub/Developer/Blame/externals/optimist/node_modules/tap/lib/tap-test.js:104:8)
          - GlobalHarness.Harness.process (/Users/jakub/Developer/Blame/externals/optimist/node_modules/tap/lib/tap-harness.js:87:13)
          - process._tickCallback (node.js:343:11)
          - Function.Module.runMain (module.js:492:11)
        found:  
          _:    
            - 
          c:    true
          a:    true
          t:    true
          s:    true
          "$0": /usr/local/Cellar/node/0.11.13/bin/node ./parse.js
        wanted: 
          c:    true
          a:    true
          t:    true
          s:    true
          _:    
            - 
          "$0": node ./parse.js
        diff:   |
          {
            "_" : [
              
            ],
            "c" : true,
            "a" : true,
            "t" : true,
            "s" : true,
            "$0" : [34m[1m"/usr/local/Cellar/node/0.11.13/bin/node ./parse.js"[0m[36m[1m // != "node ./parse.js"[0m
          }
      ...
    not ok 6 should be equivalent
      ---
        file:   /Users/jakub/Developer/Blame/externals/optimist/test/parse.js
        line:   39
        column: 7
        stack:  
          - getCaller (/Users/jakub/Developer/Blame/externals/optimist/node_modules/tap/lib/tap-assert.js:418:17)
          - assert (/Users/jakub/Developer/Blame/externals/optimist/node_modules/tap/lib/tap-assert.js:21:16)
          - Function.equivalent (/Users/jakub/Developer/Blame/externals/optimist/node_modules/tap/lib/tap-assert.js:182:12)
          - Test._testAssert (/Users/jakub/Developer/Blame/externals/optimist/node_modules/tap/lib/tap-test.js:87:16)
          - Test.<anonymous> (/Users/jakub/Developer/Blame/externals/optimist/test/parse.js:39:7)
          - Test.EventEmitter.emit (events.js:129:20)
          - Test.emit (/Users/jakub/Developer/Blame/externals/optimist/node_modules/tap/lib/tap-test.js:104:8)
          - GlobalHarness.Harness.process (/Users/jakub/Developer/Blame/externals/optimist/node_modules/tap/lib/tap-harness.js:87:13)
          - process._tickCallback (node.js:343:11)
          - Function.Module.runMain (module.js:492:11)
        found:  
          _:    
            - 
          c:    true
          a:    true
          t:    true
          s:    meow
          "$0": /usr/local/Cellar/node/0.11.13/bin/node ./parse.js
        wanted: 
          c:    true
          a:    true
          t:    true
          s:    meow
          _:    
            - 
          "$0": node ./parse.js
        diff:   |
          {
            "_" : [
              
            ],
            "c" : true,
            "a" : true,
            "t" : true,
            "s" : "meow",
            "$0" : [34m[1m"/usr/local/Cellar/node/0.11.13/bin/node ./parse.js"[0m[36m[1m // != "node ./parse.js"[0m
          }
      ...
    not ok 7 should be equivalent
      ---
        file:   /Users/jakub/Developer/Blame/externals/optimist/test/parse.js
        line:   47
        column: 7
        stack:  
          - getCaller (/Users/jakub/Developer/Blame/externals/optimist/node_modules/tap/lib/tap-assert.js:418:17)
          - assert (/Users/jakub/Developer/Blame/externals/optimist/node_modules/tap/lib/tap-assert.js:21:16)
          - Function.equivalent (/Users/jakub/Developer/Blame/externals/optimist/node_modules/tap/lib/tap-assert.js:182:12)
          - Test._testAssert (/Users/jakub/Developer/Blame/externals/optimist/node_modules/tap/lib/tap-test.js:87:16)
          - Test.<anonymous> (/Users/jakub/Developer/Blame/externals/optimist/test/parse.js:47:7)
          - Test.EventEmitter.emit (events.js:129:20)
          - Test.emit (/Users/jakub/Developer/Blame/externals/optimist/node_modules/tap/lib/tap-test.js:104:8)
          - GlobalHarness.Harness.process (/Users/jakub/Developer/Blame/externals/optimist/node_modules/tap/lib/tap-harness.js:87:13)
          - process._tickCallback (node.js:343:11)
          - Function.Module.runMain (module.js:492:11)
        found:  
          _:    
            - 
          h:    localhost
          "$0": /usr/local/Cellar/node/0.11.13/bin/node ./parse.js
        wanted: 
          h:    localhost
          _:    
            - 
          "$0": node ./parse.js
        diff:   |
          {
            "_" : [
              
            ],
            "h" : "localhost",
            "$0" : [34m[1m"/usr/local/Cellar/node/0.11.13/bin/node ./parse.js"[0m[36m[1m // != "node ./parse.js"[0m
          }
      ...
    not ok 8 should be equivalent
      ---
        file:   /Users/jakub/Developer/Blame/externals/optimist/test/parse.js
        line:   55
        column: 7
        stack:  
          - getCaller (/Users/jakub/Developer/Blame/externals/optimist/node_modules/tap/lib/tap-assert.js:418:17)
          - assert (/Users/jakub/Developer/Blame/externals/optimist/node_modules/tap/lib/tap-assert.js:21:16)
          - Function.equivalent (/Users/jakub/Developer/Blame/externals/optimist/node_modules/tap/lib/tap-assert.js:182:12)
          - Test._testAssert (/Users/jakub/Developer/Blame/externals/optimist/node_modules/tap/lib/tap-test.js:87:16)
          - Test.<anonymous> (/Users/jakub/Developer/Blame/externals/optimist/test/parse.js:55:7)
          - Test.EventEmitter.emit (events.js:129:20)
          - Test.emit (/Users/jakub/Developer/Blame/externals/optimist/node_modules/tap/lib/tap-test.js:104:8)
          - GlobalHarness.Harness.process (/Users/jakub/Developer/Blame/externals/optimist/node_modules/tap/lib/tap-harness.js:87:13)
          - process._tickCallback (node.js:343:11)
          - Function.Module.runMain (module.js:492:11)
        found:  
          _:    
            - 
          h:    localhost
          p:    555
          "$0": /usr/local/Cellar/node/0.11.13/bin/node ./parse.js
        wanted: 
          h:    localhost
          p:    555
          _:    
            - 
          "$0": node ./parse.js
        diff:   |
          {
            "_" : [
              
            ],
            "h" : "localhost",
            "p" : 555,
            "$0" : [34m[1m"/usr/local/Cellar/node/0.11.13/bin/node ./parse.js"[0m[36m[1m // != "node ./parse.js"[0m
          }
      ...
    not ok 9 should be equivalent
      ---
        file:   /Users/jakub/Developer/Blame/externals/optimist/test/parse.js
        line:   63
        column: 7
        stack:  
          - getCaller (/Users/jakub/Developer/Blame/externals/optimist/node_modules/tap/lib/tap-assert.js:418:17)
          - assert (/Users/jakub/Developer/Blame/externals/optimist/node_modules/tap/lib/tap-assert.js:21:16)
          - Function.equivalent (/Users/jakub/Developer/Blame/externals/optimist/node_modules/tap/lib/tap-assert.js:182:12)
          - Test._testAssert (/Users/jakub/Developer/Blame/externals/optimist/node_modules/tap/lib/tap-test.js:87:16)
          - Test.<anonymous> (/Users/jakub/Developer/Blame/externals/optimist/test/parse.js:63:7)
          - Test.EventEmitter.emit (events.js:129:20)
          - Test.emit (/Users/jakub/Developer/Blame/externals/optimist/node_modules/tap/lib/tap-test.js:104:8)
          - GlobalHarness.Harness.process (/Users/jakub/Developer/Blame/externals/optimist/node_modules/tap/lib/tap-harness.js:87:13)
          - process._tickCallback (node.js:343:11)
          - Function.Module.runMain (module.js:492:11)
        found:  
          _:    
            - 
          pow:  xixxle
          "$0": /usr/local/Cellar/node/0.11.13/bin/node ./parse.js
        wanted: 
          pow:  xixxle
          _:    
            - 
          "$0": node ./parse.js
        diff:   |
          {
            "_" : [
              
            ],
            "pow" : "xixxle",
            "$0" : [34m[1m"/usr/local/Cellar/node/0.11.13/bin/node ./parse.js"[0m[36m[1m // != "node ./parse.js"[0m
          }
      ...
    not ok 10 should be equivalent
      ---
        file:   /Users/jakub/Developer/Blame/externals/optimist/test/parse.js
        line:   71
        column: 7
        stack:  
          - getCaller (/Users/jakub/Developer/Blame/externals/optimist/node_modules/tap/lib/tap-assert.js:418:17)
          - assert (/Users/jakub/Developer/Blame/externals/optimist/node_modules/tap/lib/tap-assert.js:21:16)
          - Function.equivalent (/Users/jakub/Developer/Blame/externals/optimist/node_modules/tap/lib/tap-assert.js:182:12)
          - Test._testAssert (/Users/jakub/Developer/Blame/externals/optimist/node_modules/tap/lib/tap-test.js:87:16)
          - Test.<anonymous> (/Users/jakub/Developer/Blame/externals/optimist/test/parse.js:71:7)
          - Test.EventEmitter.emit (events.js:129:20)
          - Test.emit (/Users/jakub/Developer/Blame/externals/optimist/node_modules/tap/lib/tap-test.js:104:8)
          - GlobalHarness.Harness.process (/Users/jakub/Developer/Blame/externals/optimist/node_modules/tap/lib/tap-harness.js:87:13)
          - process._tickCallback (node.js:343:11)
          - Function.Module.runMain (module.js:492:11)
        found:  
          _:    
            - 
          pow:  xixxle
          "$0": /usr/local/Cellar/node/0.11.13/bin/node ./parse.js
        wanted: 
          pow:  xixxle
          _:    
            - 
          "$0": node ./parse.js
        diff:   |
          {
            "_" : [
              
            ],
            "pow" : "xixxle",
            "$0" : [34m[1m"/usr/local/Cellar/node/0.11.13/bin/node ./parse.js"[0m[36m[1m // != "node ./parse.js"[0m
          }
      ...
    not ok 11 should be equivalent
      ---
        file:   /Users/jakub/Developer/Blame/externals/optimist/test/parse.js
        line:   79
        column: 7
        stack:  
          - getCaller (/Users/jakub/Developer/Blame/externals/optimist/node_modules/tap/lib/tap-assert.js:418:17)
          - assert (/Users/jakub/Developer/Blame/externals/optimist/node_modules/tap/lib/tap-assert.js:21:16)
          - Function.equivalent (/Users/jakub/Developer/Blame/externals/optimist/node_modules/tap/lib/tap-assert.js:182:12)
          - Test._testAssert (/Users/jakub/Developer/Blame/externals/optimist/node_modules/tap/lib/tap-test.js:87:16)
          - Test.<anonymous> (/Users/jakub/Developer/Blame/externals/optimist/test/parse.js:79:7)
          - Test.EventEmitter.emit (events.js:129:20)
          - Test.emit (/Users/jakub/Developer/Blame/externals/optimist/node_modules/tap/lib/tap-test.js:104:8)
          - GlobalHarness.Harness.process (/Users/jakub/Developer/Blame/externals/optimist/node_modules/tap/lib/tap-harness.js:87:13)
          - process._tickCallback (node.js:343:11)
          - Function.Module.runMain (module.js:492:11)
        found:  
          _:    
            - 
          host: localhost
          port: 555
          "$0": /usr/local/Cellar/node/0.11.13/bin/node ./parse.js
        wanted: 
          host: localhost
          port: 555
          _:    
            - 
          "$0": node ./parse.js
        diff:   |
          {
            "_" : [
              
            ],
            "host" : "localhost",
            "port" : 555,
            "$0" : [34m[1m"/usr/local/Cellar/node/0.11.13/bin/node ./parse.js"[0m[36m[1m // != "node ./parse.js"[0m
          }
      ...
    not ok 12 should be equivalent
      ---
        file:   /Users/jakub/Developer/Blame/externals/optimist/test/parse.js
        line:   87
        column: 7
        stack:  
          - getCaller (/Users/jakub/Developer/Blame/externals/optimist/node_modules/tap/lib/tap-assert.js:418:17)
          - assert (/Users/jakub/Developer/Blame/externals/optimist/node_modules/tap/lib/tap-assert.js:21:16)
          - Function.equivalent (/Users/jakub/Developer/Blame/externals/optimist/node_modules/tap/lib/tap-assert.js:182:12)
          - Test._testAssert (/Users/jakub/Developer/Blame/externals/optimist/node_modules/tap/lib/tap-test.js:87:16)
          - Test.<anonymous> (/Users/jakub/Developer/Blame/externals/optimist/test/parse.js:87:7)
          - Test.EventEmitter.emit (events.js:129:20)
          - Test.emit (/Users/jakub/Developer/Blame/externals/optimist/node_modules/tap/lib/tap-test.js:104:8)
          - GlobalHarness.Harness.process (/Users/jakub/Developer/Blame/externals/optimist/node_modules/tap/lib/tap-harness.js:87:13)
          - process._tickCallback (node.js:343:11)
          - Function.Module.runMain (module.js:492:11)
        found:  
          _:    
            - 
          host: localhost
          port: 555
          "$0": /usr/local/Cellar/node/0.11.13/bin/node ./parse.js
        wanted: 
          host: localhost
          port: 555
          _:    
            - 
          "$0": node ./parse.js
        diff:   |
          {
            "_" : [
              
            ],
            "host" : "localhost",
            "port" : 555,
            "$0" : [34m[1m"/usr/local/Cellar/node/0.11.13/bin/node ./parse.js"[0m[36m[1m // != "node ./parse.js"[0m
          }
      ...
    not ok 13 should be equivalent
      ---
        file:   /Users/jakub/Developer/Blame/externals/optimist/test/parse.js
        line:   95
        column: 7
        stack:  
          - getCaller (/Users/jakub/Developer/Blame/externals/optimist/node_modules/tap/lib/tap-assert.js:418:17)
          - assert (/Users/jakub/Developer/Blame/externals/optimist/node_modules/tap/lib/tap-assert.js:21:16)
          - Function.equivalent (/Users/jakub/Developer/Blame/externals/optimist/node_modules/tap/lib/tap-assert.js:182:12)
          - Test._testAssert (/Users/jakub/Developer/Blame/externals/optimist/node_modules/tap/lib/tap-test.js:87:16)
          - Test.<anonymous> (/Users/jakub/Developer/Blame/externals/optimist/test/parse.js:95:7)
          - Test.EventEmitter.emit (events.js:129:20)
          - Test.emit (/Users/jakub/Developer/Blame/externals/optimist/node_modules/tap/lib/tap-test.js:104:8)
          - GlobalHarness.Harness.process (/Users/jakub/Developer/Blame/externals/optimist/node_modules/tap/lib/tap-harness.js:87:13)
          - process._tickCallback (node.js:343:11)
          - Function.Module.runMain (module.js:492:11)
        found:  
          _:    
            - script.js
          h:    localhost
          f:    true
          p:    555
          "$0": /usr/local/Cellar/node/0.11.13/bin/node ./parse.js
        wanted: 
          f:    true
          p:    555
          h:    localhost
          _:    
            - script.js
          "$0": node ./parse.js
        diff:   |
          {
            "_" : [
              "script.js"
            ],
            "h" : "localhost",
            "f" : true,
            "p" : 555,
            "$0" : [34m[1m"/usr/local/Cellar/node/0.11.13/bin/node ./parse.js"[0m[36m[1m // != "node ./parse.js"[0m
          }
      ...
    not ok 14 should be equivalent
      ---
        file:   /Users/jakub/Developer/Blame/externals/optimist/test/parse.js
        line:   106
        column: 7
        stack:  
          - getCaller (/Users/jakub/Developer/Blame/externals/optimist/node_modules/tap/lib/tap-assert.js:418:17)
          - assert (/Users/jakub/Developer/Blame/externals/optimist/node_modules/tap/lib/tap-assert.js:21:16)
          - Function.equivalent (/Users/jakub/Developer/Blame/externals/optimist/node_modules/tap/lib/tap-assert.js:182:12)
          - Test._testAssert (/Users/jakub/Developer/Blame/externals/optimist/node_modules/tap/lib/tap-test.js:87:16)
          - Test.<anonymous> (/Users/jakub/Developer/Blame/externals/optimist/test/parse.js:106:7)
          - Test.EventEmitter.emit (events.js:129:20)
          - Test.emit (/Users/jakub/Developer/Blame/externals/optimist/node_modules/tap/lib/tap-test.js:104:8)
          - GlobalHarness.Harness.process (/Users/jakub/Developer/Blame/externals/optimist/node_modules/tap/lib/tap-harness.js:87:13)
          - process._tickCallback (node.js:343:11)
          - Function.Module.runMain (module.js:492:11)
        found:  
          _:    
            - script.js
          h:    localhost
          f:    true
          p:    555
          "$0": /usr/local/Cellar/node/0.11.13/bin/node ./parse.js
        wanted: 
          f:    true
          p:    555
          h:    localhost
          _:    
            - script.js
          "$0": node ./parse.js
        diff:   |
          {
            "_" : [
              "script.js"
            ],
            "h" : "localhost",
            "f" : true,
            "p" : 555,
            "$0" : [34m[1m"/usr/local/Cellar/node/0.11.13/bin/node ./parse.js"[0m[36m[1m // != "node ./parse.js"[0m
          }
      ...
    not ok 15 should be equivalent
      ---
        file:   /Users/jakub/Developer/Blame/externals/optimist/test/parse.js
        line:   117
        column: 7
        stack:  
          - getCaller (/Users/jakub/Developer/Blame/externals/optimist/node_modules/tap/lib/tap-assert.js:418:17)
          - assert (/Users/jakub/Developer/Blame/externals/optimist/node_modules/tap/lib/tap-assert.js:21:16)
          - Function.equivalent (/Users/jakub/Developer/Blame/externals/optimist/node_modules/tap/lib/tap-assert.js:182:12)
          - Test._testAssert (/Users/jakub/Developer/Blame/externals/optimist/node_modules/tap/lib/tap-test.js:87:16)
          - Test.<anonymous> (/Users/jakub/Developer/Blame/externals/optimist/test/parse.js:117:7)
          - Test.EventEmitter.emit (events.js:129:20)
          - Test.emit (/Users/jakub/Developer/Blame/externals/optimist/node_modules/tap/lib/tap-test.js:104:8)
          - GlobalHarness.Harness.process (/Users/jakub/Developer/Blame/externals/optimist/node_modules/tap/lib/tap-harness.js:87:13)
          - process._tickCallback (node.js:343:11)
          - Function.Module.runMain (module.js:492:11)
        found:  
          _:    
            - 
          moo:  false
          "$0": /usr/local/Cellar/node/0.11.13/bin/node ./parse.js
        wanted: 
          moo:  false
          _:    
            - 
          "$0": node ./parse.js
        diff:   |
          {
            "_" : [
              
            ],
            "moo" : false,
            "$0" : [34m[1m"/usr/local/Cellar/node/0.11.13/bin/node ./parse.js"[0m[36m[1m // != "node ./parse.js"[0m
          }
      ...
    not ok 16 should be equivalent
      ---
        file:   /Users/jakub/Developer/Blame/externals/optimist/test/parse.js
        line:   125
        column: 7
        stack:  
          - getCaller (/Users/jakub/Developer/Blame/externals/optimist/node_modules/tap/lib/tap-assert.js:418:17)
          - assert (/Users/jakub/Developer/Blame/externals/optimist/node_modules/tap/lib/tap-assert.js:21:16)
          - Function.equivalent (/Users/jakub/Developer/Blame/externals/optimist/node_modules/tap/lib/tap-assert.js:182:12)
          - Test._testAssert (/Users/jakub/Developer/Blame/externals/optimist/node_modules/tap/lib/tap-test.js:87:16)
          - Test.<anonymous> (/Users/jakub/Developer/Blame/externals/optimist/test/parse.js:125:7)
          - Test.EventEmitter.emit (events.js:129:20)
          - Test.emit (/Users/jakub/Developer/Blame/externals/optimist/node_modules/tap/lib/tap-test.js:104:8)
          - GlobalHarness.Harness.process (/Users/jakub/Developer/Blame/externals/optimist/node_modules/tap/lib/tap-harness.js:87:13)
          - process._tickCallback (node.js:343:11)
          - Function.Module.runMain (module.js:492:11)
        found:  
          _:    
            - 
          v:    
            - a
            - b
            - c
          "$0": /usr/local/Cellar/node/0.11.13/bin/node ./parse.js
        wanted: 
          v:    
            - a
            - b
            - c
          _:    
            - 
          "$0": node ./parse.js
        diff:   |
          {
            "_" : [
              
            ],
            "v" : [
              "a",
              "b",
              "c"
            ],
            "$0" : [34m[1m"/usr/local/Cellar/node/0.11.13/bin/node ./parse.js"[0m[36m[1m // != "node ./parse.js"[0m
          }
      ...
    not ok 17 should be equivalent
      ---
        file:   /Users/jakub/Developer/Blame/externals/optimist/test/parse.js
        line:   133
        column: 7
        stack:  
          - getCaller (/Users/jakub/Developer/Blame/externals/optimist/node_modules/tap/lib/tap-assert.js:418:17)
          - assert (/Users/jakub/Developer/Blame/externals/optimist/node_modules/tap/lib/tap-assert.js:21:16)
          - Function.equivalent (/Users/jakub/Developer/Blame/externals/optimist/node_modules/tap/lib/tap-assert.js:182:12)
          - Test._testAssert (/Users/jakub/Developer/Blame/externals/optimist/node_modules/tap/lib/tap-test.js:87:16)
          - Test.<anonymous> (/Users/jakub/Developer/Blame/externals/optimist/test/parse.js:133:7)
          - Test.EventEmitter.emit (events.js:129:20)
          - Test.emit (/Users/jakub/Developer/Blame/externals/optimist/node_modules/tap/lib/tap-test.js:104:8)
          - GlobalHarness.Harness.process (/Users/jakub/Developer/Blame/externals/optimist/node_modules/tap/lib/tap-harness.js:87:13)
          - process._tickCallback (node.js:343:11)
          - Function.Module.runMain (module.js:492:11)
        found:  
          _:     
            - bare
            - --not-a-flag
            - eek
          name:  meowmers
          c:     true
          a:     true
          t:     true
          s:     woo
          h:     awesome
          multi: 
            - quux
            - baz
          key:   value
          b:     true
          bool:  true
          meep:  false
          "$0":  /usr/local/Cellar/node/0.11.13/bin/node ./parse.js
        wanted: 
          c:     true
          a:     true
          t:     true
          s:     woo
          h:     awesome
          b:     true
          bool:  true
          key:   value
          multi: 
            - quux
            - baz
          meep:  false
          name:  meowmers
          _:     
            - bare
            - --not-a-flag
            - eek
          "$0":  node ./parse.js
        diff:   |
          {
            "_" : [
              "bare",
              "--not-a-flag",
              "eek"
            ],
            "name" : "meowmers",
            "c" : true,
            "a" : true,
            "t" : true,
            "s" : "woo",
            "h" : "awesome",
            "multi" : [
              "quux",
              "baz"
            ],
            "key" : "value",
            "b" : true,
            "bool" : true,
            "meep" : false,
            "$0" : [34m[1m"/usr/local/Cellar/node/0.11.13/bin/node ./parse.js"[0m[36m[1m // != "node ./parse.js"[0m
          }
      ...
    not ok 18 should be equivalent
      ---
        file:   /Users/jakub/Developer/Blame/externals/optimist/test/parse.js
        line:   169
        column: 7
        stack:  
          - getCaller (/Users/jakub/Developer/Blame/externals/optimist/node_modules/tap/lib/tap-assert.js:418:17)
          - assert (/Users/jakub/Developer/Blame/externals/optimist/node_modules/tap/lib/tap-assert.js:21:16)
          - Function.equivalent (/Users/jakub/Developer/Blame/externals/optimist/node_modules/tap/lib/tap-assert.js:182:12)
          - Test._testAssert (/Users/jakub/Developer/Blame/externals/optimist/node_modules/tap/lib/tap-test.js:87:16)
          - Test.<anonymous> (/Users/jakub/Developer/Blame/externals/optimist/test/parse.js:169:7)
          - Test.EventEmitter.emit (events.js:129:20)
          - Test.emit (/Users/jakub/Developer/Blame/externals/optimist/node_modules/tap/lib/tap-test.js:104:8)
          - GlobalHarness.Harness.process (/Users/jakub/Developer/Blame/externals/optimist/node_modules/tap/lib/tap-harness.js:87:13)
          - process._tickCallback (node.js:343:11)
          - Function.Module.runMain (module.js:492:11)
        found:  
          _:    
            - 789
          x:    1234
          y:    5
          z:    10000000
          w:    10f
          hex:  3735928559
          "$0": /usr/local/Cellar/node/0.11.13/bin/node ./parse.js
        wanted: 
          x:    1234
          y:    5
          z:    10000000
          w:    10f
          hex:  3735928559
          _:    
            - 789
          "$0": node ./parse.js
        diff:   |
          {
            "_" : [
              789
            ],
            "x" : 1234,
            "y" : 5.67,
            "z" : 10000000,
            "w" : "10f",
            "hex" : 3735928559,
            "$0" : [34m[1m"/usr/local/Cellar/node/0.11.13/bin/node ./parse.js"[0m[36m[1m // != "node ./parse.js"[0m
          }
      ...
    ok 19 should be equivalent
    ok 20 should be equivalent
    ok 21 should be equivalent
    ok 22 should be equivalent
    ok 23 should be equivalent
    ok 24 should be equivalent
    not ok 25 should be equivalent
      ---
        file:   /Users/jakub/Developer/Blame/externals/optimist/test/parse.js
        line:   189
        column: 7
        stack:  
          - getCaller (/Users/jakub/Developer/Blame/externals/optimist/node_modules/tap/lib/tap-assert.js:418:17)
          - assert (/Users/jakub/Developer/Blame/externals/optimist/node_modules/tap/lib/tap-assert.js:21:16)
          - Function.equivalent (/Users/jakub/Developer/Blame/externals/optimist/node_modules/tap/lib/tap-assert.js:182:12)
          - Test._testAssert (/Users/jakub/Developer/Blame/externals/optimist/node_modules/tap/lib/tap-test.js:87:16)
          - Test.<anonymous> (/Users/jakub/Developer/Blame/externals/optimist/test/parse.js:189:7)
          - Test.EventEmitter.emit (events.js:129:20)
          - Test.emit (/Users/jakub/Developer/Blame/externals/optimist/node_modules/tap/lib/tap-test.js:104:8)
          - GlobalHarness.Harness.process (/Users/jakub/Developer/Blame/externals/optimist/node_modules/tap/lib/tap-harness.js:87:13)
          - process._tickCallback (node.js:343:11)
          - Function.Module.runMain (module.js:492:11)
        found:  
          _:    
            - moo
          t:    true
          "$0": /usr/local/Cellar/node/0.11.13/bin/node ./parse.js
        wanted: 
          t:    true
          _:    
            - moo
          "$0": node ./parse.js
        diff:   |
          {
            "_" : [
              "moo"
            ],
            "t" : true,
            "$0" : [34m[1m"/usr/local/Cellar/node/0.11.13/bin/node ./parse.js"[0m[36m[1m // != "node ./parse.js"[0m
          }
      ...
    ok 26 should be equivalent
    not ok 27 should be equivalent
      ---
        file:   /Users/jakub/Developer/Blame/externals/optimist/test/parse.js
        line:   198
        column: 7
        stack:  
          - getCaller (/Users/jakub/Developer/Blame/externals/optimist/node_modules/tap/lib/tap-assert.js:418:17)
          - assert (/Users/jakub/Developer/Blame/externals/optimist/node_modules/tap/lib/tap-assert.js:21:16)
          - Function.equivalent (/Users/jakub/Developer/Blame/externals/optimist/node_modules/tap/lib/tap-assert.js:182:12)
          - Test._testAssert (/Users/jakub/Developer/Blame/externals/optimist/node_modules/tap/lib/tap-test.js:87:16)
          - Test.<anonymous> (/Users/jakub/Developer/Blame/externals/optimist/test/parse.js:198:7)
          - Test.EventEmitter.emit (events.js:129:20)
          - Test.emit (/Users/jakub/Developer/Blame/externals/optimist/node_modules/tap/lib/tap-test.js:104:8)
          - GlobalHarness.Harness.process (/Users/jakub/Developer/Blame/externals/optimist/node_modules/tap/lib/tap-harness.js:87:13)
          - process._tickCallback (node.js:343:11)
          - Function.Module.runMain (module.js:492:11)
        found:  
          _:       
            - moo
          t:       true
          verbose: false
          "$0":    /usr/local/Cellar/node/0.11.13/bin/node ./parse.js
        wanted: 
          verbose: false
          t:       true
          _:       
            - moo
          "$0":    node ./parse.js
        diff:   |
          {
            "_" : [
              "moo"
            ],
            "t" : true,
            "verbose" : false,
            "$0" : [34m[1m"/usr/local/Cellar/node/0.11.13/bin/node ./parse.js"[0m[36m[1m // != "node ./parse.js"[0m
          }
      ...
    ok 28 should be equivalent
    ok 29 should be equivalent
    not ok 30 should be equivalent
      ---
        file:   /Users/jakub/Developer/Blame/externals/optimist/test/parse.js
        line:   216
        column: 7
        stack:  
          - getCaller (/Users/jakub/Developer/Blame/externals/optimist/node_modules/tap/lib/tap-assert.js:418:17)
          - assert (/Users/jakub/Developer/Blame/externals/optimist/node_modules/tap/lib/tap-assert.js:21:16)
          - Function.equivalent (/Users/jakub/Developer/Blame/externals/optimist/node_modules/tap/lib/tap-assert.js:182:12)
          - Test._testAssert (/Users/jakub/Developer/Blame/externals/optimist/node_modules/tap/lib/tap-test.js:87:16)
          - Test.<anonymous> (/Users/jakub/Developer/Blame/externals/optimist/test/parse.js:216:7)
          - Test.EventEmitter.emit (events.js:129:20)
          - Test.emit (/Users/jakub/Developer/Blame/externals/optimist/node_modules/tap/lib/tap-test.js:104:8)
          - GlobalHarness.Harness.process (/Users/jakub/Developer/Blame/externals/optimist/node_modules/tap/lib/tap-harness.js:87:13)
          - process._tickCallback (node.js:343:11)
          - Function.Module.runMain (module.js:492:11)
        found:  
          _:       
            - moo
          t:       false
          verbose: false
          "$0":    /usr/local/Cellar/node/0.11.13/bin/node ./parse.js
        wanted: 
          verbose: false
          t:       false
          _:       
            - moo
          "$0":    node ./parse.js
        diff:   |
          {
            "_" : [
              "moo"
            ],
            "t" : false,
            "verbose" : false,
            "$0" : [34m[1m"/usr/local/Cellar/node/0.11.13/bin/node ./parse.js"[0m[36m[1m // != "node ./parse.js"[0m
          }
      ...
    ok 31 should be equivalent
    ok 32 should be equivalent
    not ok 33 should be equivalent
      ---
        file:   /Users/jakub/Developer/Blame/externals/optimist/test/parse.js
        line:   233
        column: 7
        stack:  
          - getCaller (/Users/jakub/Developer/Blame/externals/optimist/node_modules/tap/lib/tap-assert.js:418:17)
          - assert (/Users/jakub/Developer/Blame/externals/optimist/node_modules/tap/lib/tap-assert.js:21:16)
          - Function.equivalent (/Users/jakub/Developer/Blame/externals/optimist/node_modules/tap/lib/tap-assert.js:182:12)
          - Test._testAssert (/Users/jakub/Developer/Blame/externals/optimist/node_modules/tap/lib/tap-test.js:87:16)
          - Test.<anonymous> (/Users/jakub/Developer/Blame/externals/optimist/test/parse.js:233:7)
          - Test.EventEmitter.emit (events.js:129:20)
          - Test.emit (/Users/jakub/Developer/Blame/externals/optimist/node_modules/tap/lib/tap-test.js:104:8)
          - GlobalHarness.Harness.process (/Users/jakub/Developer/Blame/externals/optimist/node_modules/tap/lib/tap-harness.js:87:13)
          - process._tickCallback (node.js:343:11)
          - Function.Module.runMain (module.js:492:11)
        found:  
          _:    
            - one
            - two
            - three
          x:    true
          y:    false
          z:    true
          "$0": /usr/local/Cellar/node/0.11.13/bin/node ./parse.js
        wanted: 
          x:    true
          y:    false
          z:    true
          _:    
            - one
            - two
            - three
          "$0": node ./parse.js
        diff:   |
          {
            "_" : [
              "one",
              "two",
              "three"
            ],
            "x" : true,
            "y" : false,
            "z" : true,
            "$0" : [34m[1m"/usr/local/Cellar/node/0.11.13/bin/node ./parse.js"[0m[36m[1m // != "node ./parse.js"[0m
          }
      ...
    ok 34 should be equivalent
    ok 35 should be equivalent
    ok 36 should be equivalent
    not ok 37 should be equivalent
      ---
        file:   /Users/jakub/Developer/Blame/externals/optimist/test/parse.js
        line:   249
        column: 7
        stack:  
          - getCaller (/Users/jakub/Developer/Blame/externals/optimist/node_modules/tap/lib/tap-assert.js:418:17)
          - assert (/Users/jakub/Developer/Blame/externals/optimist/node_modules/tap/lib/tap-assert.js:21:16)
          - Function.equivalent (/Users/jakub/Developer/Blame/externals/optimist/node_modules/tap/lib/tap-assert.js:182:12)
          - Test._testAssert (/Users/jakub/Developer/Blame/externals/optimist/node_modules/tap/lib/tap-test.js:87:16)
          - Test.<anonymous> (/Users/jakub/Developer/Blame/externals/optimist/test/parse.js:249:7)
          - Test.EventEmitter.emit (events.js:129:20)
          - Test.emit (/Users/jakub/Developer/Blame/externals/optimist/node_modules/tap/lib/tap-test.js:104:8)
          - GlobalHarness.Harness.process (/Users/jakub/Developer/Blame/externals/optimist/node_modules/tap/lib/tap-harness.js:87:13)
          - process._tickCallback (node.js:343:11)
          - Function.Module.runMain (module.js:492:11)
        found:  
          _:    
            - 
          s:    |
            X
            X
          "$0": /usr/local/Cellar/node/0.11.13/bin/node ./parse.js
        wanted: 
          _:    
            - 
          s:    |
            X
            X
          "$0": node ./parse.js
        diff:   |
          {
            "_" : [
              
            ],
            "s" : "X
          X",
            "$0" : [34m[1m"/usr/local/Cellar/node/0.11.13/bin/node ./parse.js"[0m[36m[1m // != "node ./parse.js"[0m
          }
      ...
    not ok 38 should be equivalent
      ---
        file:   /Users/jakub/Developer/Blame/externals/optimist/test/parse.js
        line:   256
        column: 7
        stack:  
          - getCaller (/Users/jakub/Developer/Blame/externals/optimist/node_modules/tap/lib/tap-assert.js:418:17)
          - assert (/Users/jakub/Developer/Blame/externals/optimist/node_modules/tap/lib/tap-assert.js:21:16)
          - Function.equivalent (/Users/jakub/Developer/Blame/externals/optimist/node_modules/tap/lib/tap-assert.js:182:12)
          - Test._testAssert (/Users/jakub/Developer/Blame/externals/optimist/node_modules/tap/lib/tap-test.js:87:16)
          - Test.<anonymous> (/Users/jakub/Developer/Blame/externals/optimist/test/parse.js:256:7)
          - Test.EventEmitter.emit (events.js:129:20)
          - Test.emit (/Users/jakub/Developer/Blame/externals/optimist/node_modules/tap/lib/tap-test.js:104:8)
          - GlobalHarness.Harness.process (/Users/jakub/Developer/Blame/externals/optimist/node_modules/tap/lib/tap-harness.js:87:13)
          - process._tickCallback (node.js:343:11)
          - Function.Module.runMain (module.js:492:11)
        found:  
          _:    
            - 
          s:    |
            X
            X
          "$0": /usr/local/Cellar/node/0.11.13/bin/node ./parse.js
        wanted: 
          _:    
            - 
          s:    |
            X
            X
          "$0": node ./parse.js
        diff:   |
          {
            "_" : [
              
            ],
            "s" : "X
          X",
            "$0" : [34m[1m"/usr/local/Cellar/node/0.11.13/bin/node ./parse.js"[0m[36m[1m // != "node ./parse.js"[0m
          }
      ...
    ok 39 should be equivalent
    ok 40 should be equivalent
    ok 41 should be equivalent
    ok 42 should be equivalent
    ok 43 should be equivalent
    ok 44 should be equivalent
    ok 45 should be equivalent
    ok 46 should be equivalent
    ok 47 should be equivalent
    not ok 48 should be equivalent
      ---
        file:   /Users/jakub/Developer/Blame/externals/optimist/test/parse.js
        line:   282
        column: 7
        stack:  
          - getCaller (/Users/jakub/Developer/Blame/externals/optimist/node_modules/tap/lib/tap-assert.js:418:17)
          - assert (/Users/jakub/Developer/Blame/externals/optimist/node_modules/tap/lib/tap-assert.js:21:16)
          - Function.equivalent (/Users/jakub/Developer/Blame/externals/optimist/node_modules/tap/lib/tap-assert.js:182:12)
          - Test._testAssert (/Users/jakub/Developer/Blame/externals/optimist/node_modules/tap/lib/tap-test.js:87:16)
          - Test.<anonymous> (/Users/jakub/Developer/Blame/externals/optimist/test/parse.js:282:7)
          - Test.EventEmitter.emit (events.js:129:20)
          - Test.emit (/Users/jakub/Developer/Blame/externals/optimist/node_modules/tap/lib/tap-test.js:104:8)
          - GlobalHarness.Harness.process (/Users/jakub/Developer/Blame/externals/optimist/node_modules/tap/lib/tap-harness.js:87:13)
          - process._tickCallback (node.js:343:11)
          - Function.Module.runMain (module.js:492:11)
        found:  
          _:    
            - 
          I:    /foo/bar/baz
          "$0": /usr/local/Cellar/node/0.11.13/bin/node ./parse.js
        wanted: 
          I:    /foo/bar/baz
          _:    
            - 
          "$0": node ./parse.js
        diff:   |
          {
            "_" : [
              
            ],
            "I" : "/foo/bar/baz",
            "$0" : [34m[1m"/usr/local/Cellar/node/0.11.13/bin/node ./parse.js"[0m[36m[1m // != "node ./parse.js"[0m
          }
      ...
    not ok 49 should be equivalent
      ---
        file:   /Users/jakub/Developer/Blame/externals/optimist/test/parse.js
        line:   286
        column: 7
        stack:  
          - getCaller (/Users/jakub/Developer/Blame/externals/optimist/node_modules/tap/lib/tap-assert.js:418:17)
          - assert (/Users/jakub/Developer/Blame/externals/optimist/node_modules/tap/lib/tap-assert.js:21:16)
          - Function.equivalent (/Users/jakub/Developer/Blame/externals/optimist/node_modules/tap/lib/tap-assert.js:182:12)
          - Test._testAssert (/Users/jakub/Developer/Blame/externals/optimist/node_modules/tap/lib/tap-test.js:87:16)
          - Test.<anonymous> (/Users/jakub/Developer/Blame/externals/optimist/test/parse.js:286:7)
          - Test.EventEmitter.emit (events.js:129:20)
          - Test.emit (/Users/jakub/Developer/Blame/externals/optimist/node_modules/tap/lib/tap-test.js:104:8)
          - GlobalHarness.Harness.process (/Users/jakub/Developer/Blame/externals/optimist/node_modules/tap/lib/tap-harness.js:87:13)
          - process._tickCallback (node.js:343:11)
          - Function.Module.runMain (module.js:492:11)
        found:  
          _:    
            - 
          x:    true
          y:    true
          z:    /foo/bar/baz
          "$0": /usr/local/Cellar/node/0.11.13/bin/node ./parse.js
        wanted: 
          x:    true
          y:    true
          z:    /foo/bar/baz
          _:    
            - 
          "$0": node ./parse.js
        diff:   |
          {
            "_" : [
              
            ],
            "x" : true,
            "y" : true,
            "z" : "/foo/bar/baz",
            "$0" : [34m[1m"/usr/local/Cellar/node/0.11.13/bin/node ./parse.js"[0m[36m[1m // != "node ./parse.js"[0m
          }
      ...
    ok 50 should be equal
    ok 51 should be equal
    ok 52 should be equal
    ok 53 should be equal
    ok 54 should be equal
    ok 55 should be equal
    ok 56 should be equal
    ok 57 should be equal
    ok 58 should be equal
    not ok 59 Error: {label_0}[dom/get] not of type Str: undefined
      ---
        type:    Error
        message: {label_0}[dom/get] not of type Str: undefined
        code:    ~
        errno:   ~
        file:    /Users/jakub/Developer/Blame/build/blame.js
        line:    116
        column:  19
        stack:   
          - Label.blame (/Users/jakub/Developer/Blame/build/blame.js:116:19)
          - wrap_base (/Users/jakub/Developer/Blame/build/blame.js:805:11)
          - Object.wrap (/Users/jakub/Developer/Blame/build/blame.js:738:28)
          - Object.Proxy.get (/Users/jakub/Developer/Blame/build/blame.js:944:32)
          - Object.Validator.get (/Users/jakub/Developer/Blame/node_modules/harmony-reflect/reflect.js:1044:20)
          - module.exports (/Users/jakub/Developer/Blame/externals/optimist/node_modules/minimist/index.js:68:28)
          - parseArgs (/Users/jakub/Developer/Blame/externals/optimist/index.js:287:20)
          - Object.Argv.Object.defineProperty.get [as argv] (/Users/jakub/Developer/Blame/externals/optimist/index.js:282:36)
          - Test.<anonymous> (/Users/jakub/Developer/Blame/externals/optimist/test/parse.js:345:7)
          - Test.EventEmitter.emit (events.js:129:20)
        thrown:  true
      ...
    not ok 60 should be equivalent
      ---
        file:   /Users/jakub/Developer/Blame/externals/optimist/test/parse.js
        line:   380
        column: 7
        stack:  
          - getCaller (/Users/jakub/Developer/Blame/externals/optimist/node_modules/tap/lib/tap-assert.js:418:17)
          - assert (/Users/jakub/Developer/Blame/externals/optimist/node_modules/tap/lib/tap-assert.js:21:16)
          - Function.equivalent (/Users/jakub/Developer/Blame/externals/optimist/node_modules/tap/lib/tap-assert.js:182:12)
          - Test._testAssert (/Users/jakub/Developer/Blame/externals/optimist/node_modules/tap/lib/tap-test.js:87:16)
          - Test.<anonymous> (/Users/jakub/Developer/Blame/externals/optimist/test/parse.js:380:7)
          - Test.EventEmitter.emit (events.js:129:20)
          - Test.emit (/Users/jakub/Developer/Blame/externals/optimist/node_modules/tap/lib/tap-test.js:104:8)
          - GlobalHarness.Harness.process (/Users/jakub/Developer/Blame/externals/optimist/node_modules/tap/lib/tap-harness.js:87:13)
          - process._tickCallback (node.js:343:11)
          - Function.Module.runMain (module.js:492:11)
        found:  
          _:    
            - derp
          herp: true
          h:    true
          "$0": /usr/local/Cellar/node/0.11.13/bin/node ./parse.js
        wanted: 
          herp: true
          h:    true
          _:    
            - derp
          "$0": node ./parse.js
        diff:   |
          {
            "_" : [
              "derp"
            ],
            "herp" : true,
            "h" : true,
            "$0" : [34m[1m"/usr/local/Cellar/node/0.11.13/bin/node ./parse.js"[0m[36m[1m // != "node ./parse.js"[0m
          }
      ...
    not ok 61 should be equivalent
      ---
        file:   /Users/jakub/Developer/Blame/externals/optimist/test/parse.js
        line:   381
        column: 7
        stack:  
          - getCaller (/Users/jakub/Developer/Blame/externals/optimist/node_modules/tap/lib/tap-assert.js:418:17)
          - assert (/Users/jakub/Developer/Blame/externals/optimist/node_modules/tap/lib/tap-assert.js:21:16)
          - Function.equivalent (/Users/jakub/Developer/Blame/externals/optimist/node_modules/tap/lib/tap-assert.js:182:12)
          - Test._testAssert (/Users/jakub/Developer/Blame/externals/optimist/node_modules/tap/lib/tap-test.js:87:16)
          - Test.<anonymous> (/Users/jakub/Developer/Blame/externals/optimist/test/parse.js:381:7)
          - Test.EventEmitter.emit (events.js:129:20)
          - Test.emit (/Users/jakub/Developer/Blame/externals/optimist/node_modules/tap/lib/tap-test.js:104:8)
          - GlobalHarness.Harness.process (/Users/jakub/Developer/Blame/externals/optimist/node_modules/tap/lib/tap-harness.js:87:13)
          - process._tickCallback (node.js:343:11)
          - Function.Module.runMain (module.js:492:11)
        found:  
          _:    
            - derp
          herp: true
          h:    true
          "$0": /usr/local/Cellar/node/0.11.13/bin/node ./parse.js
        wanted: 
          herp: true
          h:    true
          _:    
            - derp
          "$0": node ./parse.js
        diff:   |
          {
            "_" : [
              "derp"
            ],
            "herp" : true,
            "h" : true,
            "$0" : [34m[1m"/usr/local/Cellar/node/0.11.13/bin/node ./parse.js"[0m[36m[1m // != "node ./parse.js"[0m
          }
      ...
    not ok 62 should be equivalent
      ---
        file:   /Users/jakub/Developer/Blame/externals/optimist/test/parse.js
        line:   402
        column: 7
        stack:  
          - getCaller (/Users/jakub/Developer/Blame/externals/optimist/node_modules/tap/lib/tap-assert.js:418:17)
          - assert (/Users/jakub/Developer/Blame/externals/optimist/node_modules/tap/lib/tap-assert.js:21:16)
          - Function.equivalent (/Users/jakub/Developer/Blame/externals/optimist/node_modules/tap/lib/tap-assert.js:182:12)
          - Test._testAssert (/Users/jakub/Developer/Blame/externals/optimist/node_modules/tap/lib/tap-test.js:87:16)
          - Test.<anonymous> (/Users/jakub/Developer/Blame/externals/optimist/test/parse.js:402:7)
          - Test.EventEmitter.emit (events.js:129:20)
          - Test.emit (/Users/jakub/Developer/Blame/externals/optimist/node_modules/tap/lib/tap-test.js:104:8)
          - GlobalHarness.Harness.process (/Users/jakub/Developer/Blame/externals/optimist/node_modules/tap/lib/tap-harness.js:87:13)
          - process._tickCallback (node.js:343:11)
          - Function.Module.runMain (module.js:492:11)
        found:  
          _:    
            - derp
          herp: true
          h:    true
          "$0": /usr/local/Cellar/node/0.11.13/bin/node ./parse.js
        wanted: 
          herp: true
          h:    true
          _:    
            - derp
          "$0": node ./parse.js
        diff:   |
          {
            "_" : [
              "derp"
            ],
            "herp" : true,
            "h" : true,
            "$0" : [34m[1m"/usr/local/Cellar/node/0.11.13/bin/node ./parse.js"[0m[36m[1m // != "node ./parse.js"[0m
          }
      ...
    not ok 63 should be equivalent
      ---
        file:   /Users/jakub/Developer/Blame/externals/optimist/test/parse.js
        line:   403
        column: 7
        stack:  
          - getCaller (/Users/jakub/Developer/Blame/externals/optimist/node_modules/tap/lib/tap-assert.js:418:17)
          - assert (/Users/jakub/Developer/Blame/externals/optimist/node_modules/tap/lib/tap-assert.js:21:16)
          - Function.equivalent (/Users/jakub/Developer/Blame/externals/optimist/node_modules/tap/lib/tap-assert.js:182:12)
          - Test._testAssert (/Users/jakub/Developer/Blame/externals/optimist/node_modules/tap/lib/tap-test.js:87:16)
          - Test.<anonymous> (/Users/jakub/Developer/Blame/externals/optimist/test/parse.js:403:7)
          - Test.EventEmitter.emit (events.js:129:20)
          - Test.emit (/Users/jakub/Developer/Blame/externals/optimist/node_modules/tap/lib/tap-test.js:104:8)
          - GlobalHarness.Harness.process (/Users/jakub/Developer/Blame/externals/optimist/node_modules/tap/lib/tap-harness.js:87:13)
          - process._tickCallback (node.js:343:11)
          - Function.Module.runMain (module.js:492:11)
        found:  
          _:    
            - derp
          herp: true
          h:    true
          "$0": /usr/local/Cellar/node/0.11.13/bin/node ./parse.js
        wanted: 
          herp: true
          h:    true
          _:    
            - derp
          "$0": node ./parse.js
        diff:   |
          {
            "_" : [
              "derp"
            ],
            "herp" : true,
            "h" : true,
            "$0" : [34m[1m"/usr/local/Cellar/node/0.11.13/bin/node ./parse.js"[0m[36m[1m // != "node ./parse.js"[0m
          }
      ...
    not ok 64 should be equivalent
      ---
        file:   /Users/jakub/Developer/Blame/externals/optimist/test/parse.js
        line:   429
        column: 7
        stack:  
          - getCaller (/Users/jakub/Developer/Blame/externals/optimist/node_modules/tap/lib/tap-assert.js:418:17)
          - assert (/Users/jakub/Developer/Blame/externals/optimist/node_modules/tap/lib/tap-assert.js:21:16)
          - Function.equivalent (/Users/jakub/Developer/Blame/externals/optimist/node_modules/tap/lib/tap-assert.js:182:12)
          - Test._testAssert (/Users/jakub/Developer/Blame/externals/optimist/node_modules/tap/lib/tap-test.js:87:16)
          - Test.<anonymous> (/Users/jakub/Developer/Blame/externals/optimist/test/parse.js:429:7)
          - Test.EventEmitter.emit (events.js:129:20)
          - Test.emit (/Users/jakub/Developer/Blame/externals/optimist/node_modules/tap/lib/tap-test.js:104:8)
          - GlobalHarness.Harness.process (/Users/jakub/Developer/Blame/externals/optimist/node_modules/tap/lib/tap-harness.js:87:13)
          - process._tickCallback (node.js:343:11)
          - Function.Module.runMain (module.js:492:11)
        found:  
          _:    
            - 
          h:    true
          herp: true
          "$0": /usr/local/Cellar/node/0.11.13/bin/node ./parse.js
        wanted: 
          herp: true
          h:    true
          _:    
            - 
          "$0": node ./parse.js
        diff:   |
          {
            "_" : [
              
            ],
            "h" : true,
            "herp" : true,
            "$0" : [34m[1m"/usr/local/Cellar/node/0.11.13/bin/node ./parse.js"[0m[36m[1m // != "node ./parse.js"[0m
          }
      ...
    not ok 65 should be equivalent
      ---
        file:   /Users/jakub/Developer/Blame/externals/optimist/test/parse.js
        line:   430
        column: 7
        stack:  
          - getCaller (/Users/jakub/Developer/Blame/externals/optimist/node_modules/tap/lib/tap-assert.js:418:17)
          - assert (/Users/jakub/Developer/Blame/externals/optimist/node_modules/tap/lib/tap-assert.js:21:16)
          - Function.equivalent (/Users/jakub/Developer/Blame/externals/optimist/node_modules/tap/lib/tap-assert.js:182:12)
          - Test._testAssert (/Users/jakub/Developer/Blame/externals/optimist/node_modules/tap/lib/tap-test.js:87:16)
          - Test.<anonymous> (/Users/jakub/Developer/Blame/externals/optimist/test/parse.js:430:7)
          - Test.EventEmitter.emit (events.js:129:20)
          - Test.emit (/Users/jakub/Developer/Blame/externals/optimist/node_modules/tap/lib/tap-test.js:104:8)
          - GlobalHarness.Harness.process (/Users/jakub/Developer/Blame/externals/optimist/node_modules/tap/lib/tap-harness.js:87:13)
          - process._tickCallback (node.js:343:11)
          - Function.Module.runMain (module.js:492:11)
        found:  
          _:    
            - 
          h:    true
          herp: true
          "$0": /usr/local/Cellar/node/0.11.13/bin/node ./parse.js
        wanted: 
          herp: true
          h:    true
          _:    
            - 
          "$0": node ./parse.js
        diff:   |
          {
            "_" : [
              
            ],
            "h" : true,
            "herp" : true,
            "$0" : [34m[1m"/usr/local/Cellar/node/0.11.13/bin/node ./parse.js"[0m[36m[1m // != "node ./parse.js"[0m
          }
      ...
    ok 66 should be equivalent
    ok 67 should be equivalent
    ok 68 should be equivalent
    ok 69 should be equivalent
    ok 70 ./test/parse.js
    
    1..70
    # tests 70
    # pass  38
    # fail  32
    
not ok ./test/parse_modified.js ......................... 1/2
    Command: "/usr/local/Cellar/node/0.11.13/bin/node parse_modified.js"
    TAP version 13
    not ok 1 Error: {label_0}[dom] not enough arguments, expected >=1, got: 0
      ---
        type:    Error
        message: {label_0}[dom] not enough arguments, expected >=1, got: 0
        code:    ~
        errno:   ~
        file:    /Users/jakub/Developer/Blame/build/blame.js
        line:    116
        column:  19
        stack:   
          - Label.blame (/Users/jakub/Developer/Blame/build/blame.js:116:19)
          - Object.Proxy.apply (/Users/jakub/Developer/Blame/build/blame.js:824:25)
          - Object.Validator.apply (/Users/jakub/Developer/Blame/node_modules/harmony-reflect/reflect.js:1322:19)
          - /Users/jakub/Developer/Blame/node_modules/harmony-reflect/reflect.js:1984:27
          - Test.<anonymous> (/Users/jakub/Developer/Blame/externals/optimist/test/parse_modified.js:7:16)
          - Test.EventEmitter.emit (events.js:129:20)
          - Test.emit (/Users/jakub/Developer/Blame/externals/optimist/node_modules/tap/lib/tap-test.js:104:8)
          - GlobalHarness.Harness.process (/Users/jakub/Developer/Blame/externals/optimist/node_modules/tap/lib/tap-harness.js:87:13)
          - process._tickCallback (node.js:343:11)
          - Function.Module.runMain (module.js:492:11)
        thrown:  true
      ...
    ok 2 ./test/parse_modified.js
    
    1..2
    # tests 2
    # pass  1
    # fail  1
    
ok ./test/short.js ...................................... 5/5
not ok ./test/usage.js ................................ 20/24
    Command: "/usr/local/Cellar/node/0.11.13/bin/node usage.js"
    TAP version 13
    ok 1 should be equivalent
    ok 2 should be equivalent
    ok 3 should be equivalent
    ok 4 (unnamed assert)
    ok 5 should be equivalent
    ok 6 should be equivalent
    ok 7 should be equivalent
    ok 8 should be equivalent
    ok 9 should be equivalent
    ok 10 (unnamed assert)
    ok 11 should be equivalent
    ok 12 should be equivalent
    ok 13 should be equivalent
    ok 14 should be equivalent
    ok 15 (unnamed assert)
    not ok 16 Error: {label_0}[dom/get] not of type Str: undefined
      ---
        type:    Error
        message: {label_0}[dom/get] not of type Str: undefined
        code:    ~
        errno:   ~
        file:    /Users/jakub/Developer/Blame/build/blame.js
        line:    116
        column:  19
        stack:   
          - Label.blame (/Users/jakub/Developer/Blame/build/blame.js:116:19)
          - wrap_base (/Users/jakub/Developer/Blame/build/blame.js:805:11)
          - Object.wrap (/Users/jakub/Developer/Blame/build/blame.js:738:28)
          - Object.Proxy.get (/Users/jakub/Developer/Blame/build/blame.js:944:32)
          - Object.Validator.get (/Users/jakub/Developer/Blame/node_modules/harmony-reflect/reflect.js:1044:20)
          - module.exports (/Users/jakub/Developer/Blame/externals/optimist/node_modules/minimist/index.js:68:28)
          - parseArgs (/Users/jakub/Developer/Blame/externals/optimist/index.js:287:20)
          - Object.Argv.Object.defineProperty.get [as argv] (/Users/jakub/Developer/Blame/externals/optimist/index.js:282:36)
          - /Users/jakub/Developer/Blame/externals/optimist/test/usage.js:150:13
          - checkUsage (/Users/jakub/Developer/Blame/externals/optimist/test/usage.js:277:18)
        thrown:  true
      ...
    not ok 17 Error: {label_0}[dom/get] not of type Str: undefined
      ---
        type:    Error
        message: {label_0}[dom/get] not of type Str: undefined
        code:    ~
        errno:   ~
        file:    /Users/jakub/Developer/Blame/build/blame.js
        line:    116
        column:  19
        stack:   
          - Label.blame (/Users/jakub/Developer/Blame/build/blame.js:116:19)
          - wrap_base (/Users/jakub/Developer/Blame/build/blame.js:805:11)
          - Object.wrap (/Users/jakub/Developer/Blame/build/blame.js:738:28)
          - Object.Proxy.get (/Users/jakub/Developer/Blame/build/blame.js:944:32)
          - Object.Validator.get (/Users/jakub/Developer/Blame/node_modules/harmony-reflect/reflect.js:1044:20)
          - module.exports (/Users/jakub/Developer/Blame/externals/optimist/node_modules/minimist/index.js:68:28)
          - parseArgs (/Users/jakub/Developer/Blame/externals/optimist/index.js:287:20)
          - Object.Argv.Object.defineProperty.get [as argv] (/Users/jakub/Developer/Blame/externals/optimist/index.js:282:36)
          - /Users/jakub/Developer/Blame/externals/optimist/test/usage.js:166:13
          - checkUsage (/Users/jakub/Developer/Blame/externals/optimist/test/usage.js:277:18)
        thrown:  true
      ...
    not ok 18 Error: {label_0}[dom/get] not of type Str: undefined
      ---
        type:    Error
        message: {label_0}[dom/get] not of type Str: undefined
        code:    ~
        errno:   ~
        file:    /Users/jakub/Developer/Blame/build/blame.js
        line:    116
        column:  19
        stack:   
          - Label.blame (/Users/jakub/Developer/Blame/build/blame.js:116:19)
          - wrap_base (/Users/jakub/Developer/Blame/build/blame.js:805:11)
          - Object.wrap (/Users/jakub/Developer/Blame/build/blame.js:738:28)
          - Object.Proxy.get (/Users/jakub/Developer/Blame/build/blame.js:944:32)
          - Object.Validator.get (/Users/jakub/Developer/Blame/node_modules/harmony-reflect/reflect.js:1044:20)
          - module.exports (/Users/jakub/Developer/Blame/externals/optimist/node_modules/minimist/index.js:68:28)
          - parseArgs (/Users/jakub/Developer/Blame/externals/optimist/index.js:287:20)
          - Object.Argv.Object.defineProperty.get [as argv] (/Users/jakub/Developer/Blame/externals/optimist/index.js:282:36)
          - /Users/jakub/Developer/Blame/externals/optimist/test/usage.js:192:13
          - checkUsage (/Users/jakub/Developer/Blame/externals/optimist/test/usage.js:277:18)
        thrown:  true
      ...
    not ok 19 Error: {label_0}[dom] not of type Arr:
      ---
        type:    Error
        message: {label_0}[dom] not of type Arr:
        code:    ~
        errno:   ~
        file:    /Users/jakub/Developer/Blame/build/blame.js
        line:    116
        column:  19
        stack:   
          - Label.blame (/Users/jakub/Developer/Blame/build/blame.js:116:19)
          - wrap_base (/Users/jakub/Developer/Blame/build/blame.js:805:11)
          - wrap_arr (/Users/jakub/Developer/Blame/build/blame.js:939:13)
          - Object.wrap (/Users/jakub/Developer/Blame/build/blame.js:756:24)
          - Object.Proxy.apply (/Users/jakub/Developer/Blame/build/blame.js:838:43)
          - Object.Validator.apply (/Users/jakub/Developer/Blame/node_modules/harmony-reflect/reflect.js:1322:19)
          - /Users/jakub/Developer/Blame/node_modules/harmony-reflect/reflect.js:1984:27
          - /Users/jakub/Developer/Blame/externals/optimist/test/usage.js:208:16
          - checkUsage (/Users/jakub/Developer/Blame/externals/optimist/test/usage.js:277:18)
          - Test.<anonymous> (/Users/jakub/Developer/Blame/externals/optimist/test/usage.js:207:13)
        thrown:  true
      ...
    ok 20 should be equivalent
    ok 21 should be equal
    ok 22 should be equal
    ok 23 should be equal
    ok 24 ./test/usage.js
    
    1..24
    # tests 24
    # pass  20
    # fail  4
    
ok ./test/whitespace.js ................................. 2/2
total ................................................ 79/116

not ok
