
> power-assert@0.7.2 test /Users/jakub/Developer/Blame/externals/power-assert
> gulp test

[04:27:04] Using gulpfile ~/Developer/Blame/externals/power-assert/gulpfile.js
[04:27:04] Starting 'test'...
[04:27:04] Starting 'clean_espower'...
[04:27:04] Starting 'clean_bundle'...
[04:27:04] Finished 'test' after 12 ms
[04:27:04] Finished 'clean_bundle' after 11 ms
[04:27:04] Finished 'clean_espower' after 20 ms
[04:27:04] Starting 'espower'...
[04:27:04] Starting 'copy_others'...
[04:27:04] Starting 'bundle'...
[04:27:05] Finished 'copy_others' after 368 ms
[04:27:05] Finished 'espower' after 370 ms
[04:27:08] Finished 'bundle' after 3.22 s
[04:27:08] Starting 'unit'...
[04:27:08] Starting 'test_generated'...
[04:27:08] Starting 'test_browser'...
[04:27:08] Starting 'test_amd'...

  [93m․[0m[90m․[0m[90m․[0m[90m․[0m[90m․[0m[90m․[0m[90m․[0m[90m․[0m[90m․[0m[90m․[0m[90m․[0m[90m․[0m[90m․[0m[90m․[0m[90m․[0m[90m․[0m[90m․[0m[90m․[0m[90m․[0m[90m․[0m[90m․[0m[90m․[0m[90m․[0m[90m․[0m[90m․[0m[90m․[0m[90m․[0m[90m․[0m[90m․[0m[90m․[0m[90m․[0m[90m․[0m[90m․[0m[90m․[0m[90m․[0m[90m․[0m[90m․[0m[90m․[0m[90m․[0m[90m․[0m[90m․[0m[90m․[0m[90m․[0m[90m․[0m[90m․[0m[90m․[0m[90m․[0m[90m․[0m[90m․[0m[90m․[0m[90m․[0m[90m․[0m

[92m [0m[32m 52 passing[0m[90m (228ms)[0m

[04:27:08] Finished 'test_generated' after 505 ms

  [93m․[0m[90m․[0m[90m․[0m[90m․[0m[90m․[0m[90m․[0m[90m․[0m[90m․[0m[90m․[0m[90m․[0m[90m․[0m[90m․[0m[90m․[0m[90m․[0m[90m․[0m[90m․[0m[90m․[0m[90m․[0m[90m․[0m[90m․[0m[90m․[0m[90m․[0m[90m․[0m[90m․[0m[90m․[0m[90m․[0m[90m․[0m[90m․[0m[90m․[0m[90m․[0m[90m․[0m[90m․[0m[90m․[0m[90m․[0m[90m․[0m[90m․[0m[90m․[0m[90m․[0m[90m․[0m[90m․[0m[90m․[0m[90m․[0m[90m․[0m[90m․[0m[90m․[0m[90m․[0m[90m․[0m[90m․[0m[90m․[0m[90m․[0m[90m․[0m[90m․[0m

[92m [0m[32m 52 passing[0m[90m (185ms)[0m

Error loading resource file:///Users/jakub/Developer/Blame/externals/power-assert/bower_components/mocha/mocha.css (203). Details: Error opening /Users/jakub/Developer/Blame/externals/power-assert/bower_components/mocha/mocha.css: No such file or directory
[04:27:09] Finished 'unit' after 955 ms
Error loading resource file:///Users/jakub/Developer/Blame/externals/power-assert/bower_components/mocha/mocha.js (203). Details: Error opening /Users/jakub/Developer/Blame/externals/power-assert/bower_components/mocha/mocha.js: No such file or directory
Error loading resource file:///Users/jakub/Developer/Blame/externals/power-assert/bower_components/requirejs/require.js (203). Details: Error opening /Users/jakub/Developer/Blame/externals/power-assert/bower_components/requirejs/require.js: No such file or directory
Error loading resource file:///Users/jakub/Developer/Blame/externals/power-assert/bower_components/mocha/mocha.css (203). Details: Error opening /Users/jakub/Developer/Blame/externals/power-assert/bower_components/mocha/mocha.css: No such file or directory
TypeError: 'undefined' is not a function (evaluating 'mocha.setup('bdd')')

  file:///Users/jakub/Developer/Blame/externals/power-assert/test/test-amd.html:16
Error: proxies not supported on this platform

  file:///Users/jakub/Developer/Blame/externals/power-assert/build/power-assert.js:12570
  file:///Users/jakub/Developer/Blame/externals/power-assert/build/power-assert.js:10513
  file:///Users/jakub/Developer/Blame/externals/power-assert/build/power-assert.js:10262
  file:///Users/jakub/Developer/Blame/externals/power-assert/build/power-assert.js:10519
[04:27:09] 'test_amd' errored after 994 ms test failed
Error running task sequence: { task: 'test_amd',
  message: 'test_amd stream',
  duration: 0.994338414,
  hrDuration: [ 0, 994338414 ],
  err: 
   { [Error: test failed]
     plugin: 'gulp-mocha-phantomjs',
     showStack: false,
     message: 'test failed' } }
[04:27:09] 'test_browser' errored after 1.01 s test failed
