
> deep-freeze@0.0.1 test /Users/jakub/Developer/Blame/externals/deep-freeze
> tap test/*.js

not ok test/deep.js ..................................... 1/3
    Command: "node" "deep.js"
    TAP version 13
    not ok 1 should be equal
      ---
        file:   /Users/jakub/Developer/Blame/externals/deep-freeze/test/deep.js
        line:   9
        column: 7
        stack:  
          - getCaller (/Users/jakub/Developer/Blame/externals/deep-freeze/node_modules/tap/lib/tap-assert.js:418:17)
          - assert (/Users/jakub/Developer/Blame/externals/deep-freeze/node_modules/tap/lib/tap-assert.js:21:16)
          - Function.equal (/Users/jakub/Developer/Blame/externals/deep-freeze/node_modules/tap/lib/tap-assert.js:162:10)
          - Test._testAssert [as equal] (/Users/jakub/Developer/Blame/externals/deep-freeze/node_modules/tap/lib/tap-test.js:86:16)
          - Test.<anonymous> (/Users/jakub/Developer/Blame/externals/deep-freeze/test/deep.js:9:7)
          - Test.EventEmitter.emit (events.js:129:20)
          - Test.emit (/Users/jakub/Developer/Blame/externals/deep-freeze/node_modules/tap/lib/tap-test.js:103:8)
          - GlobalHarness.Harness.process (/Users/jakub/Developer/Blame/externals/deep-freeze/node_modules/tap/lib/tap-harness.js:86:13)
          - process._tickCallback (node.js:343:11)
          - Function.Module.runMain (module.js:492:11)
        found:  5
        wanted: ~
        type:   
          found:  undefined
          wanted: undefined
      ...
    not ok 2 should be equal
      ---
        file:   /Users/jakub/Developer/Blame/externals/deep-freeze/test/deep.js
        line:   12
        column: 7
        stack:  
          - getCaller (/Users/jakub/Developer/Blame/externals/deep-freeze/node_modules/tap/lib/tap-assert.js:418:17)
          - assert (/Users/jakub/Developer/Blame/externals/deep-freeze/node_modules/tap/lib/tap-assert.js:21:16)
          - Function.equal (/Users/jakub/Developer/Blame/externals/deep-freeze/node_modules/tap/lib/tap-assert.js:162:10)
          - Test._testAssert [as equal] (/Users/jakub/Developer/Blame/externals/deep-freeze/node_modules/tap/lib/tap-test.js:86:16)
          - Test.<anonymous> (/Users/jakub/Developer/Blame/externals/deep-freeze/test/deep.js:12:7)
          - Test.EventEmitter.emit (events.js:129:20)
          - Test.emit (/Users/jakub/Developer/Blame/externals/deep-freeze/node_modules/tap/lib/tap-test.js:103:8)
          - GlobalHarness.Harness.process (/Users/jakub/Developer/Blame/externals/deep-freeze/node_modules/tap/lib/tap-harness.js:86:13)
          - process._tickCallback (node.js:343:11)
          - Function.Module.runMain (module.js:492:11)
        found:  3
        wanted: ~
        type:   
          found:  undefined
          wanted: undefined
      ...
    ok 3 test/deep.js
    
    1..3
    # tests 3
    # pass  1
    # fail  2
    
total ................................................... 1/3

not ok
