util.print: Use console.log instead
util.print: Use console.log instead
util.print: Use console.log instead
util.print: Use console.log instead
util.print: Use console.log instead
util.print: Use console.log instead
util.print: Use console.log instead
util.print: Use console.log instead
util.print: Use console.log instead
util.print: Use console.log instead
(node) warning: possible EventEmitter memory leak detected. 11 listeners added. Use emitter.setMaxListeners() to increase limit.
Trace
    at process.EventEmitter.addListener (events.js:179:15)
    at process.on.process.addListener (node.js:661:26)
    at runOne (/Users/jakub/Developer/Blame/externals/linq/node_modules/qunit/lib/testrunner.js:84:13)
    at /Users/jakub/Developer/Blame/externals/linq/node_modules/qunit/lib/testrunner.js:170:13
    at Array.forEach (native)
    at Object.exports.run (/Users/jakub/Developer/Blame/externals/linq/node_modules/qunit/lib/testrunner.js:141:11)
    at Object.<anonymous> (/Users/jakub/Developer/Blame/externals/linq/test/testrunner.js:56:4)
    at Module._compile (module.js:449:26)
    at Object.Module._extensions..js (module.js:467:10)
    at Module.load (module.js:349:32)
util.print: Use console.log instead
util.print: Use console.log instead
util.print: Use console.log instead
util.print: Use console.log instead
util.print: Use console.log instead
util.print: Use console.log instead
util.print: Use console.log instead
util.print: Use console.log instead
util.print: Use console.log instead
util.print: Use console.log instead
util.print: Use console.log instead
util.print: Use console.log instead
util.print: Use console.log instead
util.print: Use console.log instead
util.print: Use console.log instead
util.print: Use console.log instead
util.print: Use console.log instead
util.print: Use console.log instead
util.print: Use console.log instead
util.print: Use console.log instead
util.print: Use console.log instead
util.print: Use console.log instead
